2023-12-27T01:24:18.708+05:30  INFO 16288 --- [restartedMain] com.dhanush.App.CollegeAppApplication    : Starting CollegeAppApplication using Java 17.0.7 with PID 16288 (D:\newtglobal\newtglobal_courses\Springboot\CollegeApp\target\classes started by Dhanush in D:\newtglobal\newtglobal_courses\Springboot\CollegeApp)
2023-12-27T01:24:18.710+05:30  INFO 16288 --- [restartedMain] com.dhanush.App.CollegeAppApplication    : No active profile set, falling back to 1 default profile: "default"
2023-12-27T01:24:18.785+05:30  INFO 16288 --- [restartedMain] .e.DevToolsPropertyDefaultsPostProcessor : Devtools property defaults active! Set 'spring.devtools.add-properties' to 'false' to disable
2023-12-27T01:24:18.786+05:30  INFO 16288 --- [restartedMain] .e.DevToolsPropertyDefaultsPostProcessor : For additional web related logging consider setting the 'logging.level.web' property to 'DEBUG'
2023-12-27T01:24:19.428+05:30  INFO 16288 --- [restartedMain] .s.d.r.c.RepositoryConfigurationDelegate : Bootstrapping Spring Data JPA repositories in DEFAULT mode.
2023-12-27T01:24:19.454+05:30  INFO 16288 --- [restartedMain] .s.d.r.c.RepositoryConfigurationDelegate : Finished Spring Data repository scanning in 15 ms. Found 0 JPA repository interfaces.
2023-12-27T01:24:20.033+05:30  INFO 16288 --- [restartedMain] o.s.b.w.embedded.tomcat.TomcatWebServer  : Tomcat initialized with port 8888 (http)
2023-12-27T01:24:20.059+05:30  INFO 16288 --- [restartedMain] o.apache.catalina.core.StandardService   : Starting service [Tomcat]
2023-12-27T01:24:20.060+05:30  INFO 16288 --- [restartedMain] o.apache.catalina.core.StandardEngine    : Starting Servlet engine: [Apache Tomcat/10.1.17]
2023-12-27T01:24:20.142+05:30  INFO 16288 --- [restartedMain] o.a.c.c.C.[Tomcat].[localhost].[/]       : Initializing Spring embedded WebApplicationContext
2023-12-27T01:24:20.143+05:30  INFO 16288 --- [restartedMain] w.s.c.ServletWebServerApplicationContext : Root WebApplicationContext: initialization completed in 1355 ms
2023-12-27T01:24:20.332+05:30  INFO 16288 --- [restartedMain] o.hibernate.jpa.internal.util.LogHelper  : HHH000204: Processing PersistenceUnitInfo [name: default]
2023-12-27T01:24:20.408+05:30  INFO 16288 --- [restartedMain] org.hibernate.Version                    : HHH000412: Hibernate ORM core version 6.4.1.Final
2023-12-27T01:24:20.473+05:30  INFO 16288 --- [restartedMain] o.h.c.internal.RegionFactoryInitiator    : HHH000026: Second-level cache disabled
2023-12-27T01:24:20.773+05:30  INFO 16288 --- [restartedMain] o.s.o.j.p.SpringPersistenceUnitInfo      : No LoadTimeWeaver setup: ignoring JPA class transformer
2023-12-27T01:24:20.808+05:30  INFO 16288 --- [restartedMain] com.zaxxer.hikari.HikariDataSource       : HikariPool-1 - Starting...
2023-12-27T01:24:21.295+05:30  INFO 16288 --- [restartedMain] com.zaxxer.hikari.pool.HikariPool        : HikariPool-1 - Added connection com.mysql.cj.jdbc.ConnectionImpl@e449729
2023-12-27T01:24:21.298+05:30  INFO 16288 --- [restartedMain] com.zaxxer.hikari.HikariDataSource       : HikariPool-1 - Start completed.
2023-12-27T01:24:21.893+05:30  INFO 16288 --- [restartedMain] o.h.e.t.j.p.i.JtaPlatformInitiator       : HHH000489: No JTA platform available (set 'hibernate.transaction.jta.platform' to enable JTA platform integration)
2023-12-27T01:24:21.900+05:30  INFO 16288 --- [restartedMain] j.LocalContainerEntityManagerFactoryBean : Initialized JPA EntityManagerFactory for persistence unit 'default'
2023-12-27T01:24:21.969+05:30  WARN 16288 --- [restartedMain] JpaBaseConfiguration$JpaWebConfiguration : spring.jpa.open-in-view is enabled by default. Therefore, database queries may be performed during view rendering. Explicitly configure spring.jpa.open-in-view to disable this warning
2023-12-27T01:24:22.773+05:30  INFO 16288 --- [restartedMain] o.s.b.d.a.OptionalLiveReloadServer       : LiveReload server is running on port 35729
2023-12-27T01:24:22.839+05:30  INFO 16288 --- [restartedMain] o.s.b.w.embedded.tomcat.TomcatWebServer  : Tomcat started on port 8888 (http) with context path ''
2023-12-27T01:24:22.857+05:30  INFO 16288 --- [restartedMain] com.dhanush.App.CollegeAppApplication    : Started CollegeAppApplication in 4.879 seconds (process running for 6.358)
2023-12-27T01:25:02.052+05:30  INFO 16288 --- [File Watcher] rtingClassPathChangeChangedEventListener : Restarting due to 1 class path change (1 addition, 0 deletions, 0 modifications)
2023-12-27T01:25:02.368+05:30  INFO 16288 --- [Thread-5] j.LocalContainerEntityManagerFactoryBean : Closing JPA EntityManagerFactory for persistence unit 'default'
2023-12-27T01:25:02.396+05:30  INFO 16288 --- [Thread-5] com.zaxxer.hikari.HikariDataSource       : HikariPool-1 - Shutdown initiated...
2023-12-27T01:25:02.438+05:30  INFO 16288 --- [Thread-5] com.zaxxer.hikari.HikariDataSource       : HikariPool-1 - Shutdown completed.
2023-12-27T01:25:02.859+05:30  INFO 16288 --- [restartedMain] com.dhanush.App.CollegeAppApplication    : Starting CollegeAppApplication using Java 17.0.7 with PID 16288 (D:\newtglobal\newtglobal_courses\Springboot\CollegeApp\target\classes started by Dhanush in D:\newtglobal\newtglobal_courses\Springboot\CollegeApp)
2023-12-27T01:25:02.861+05:30  INFO 16288 --- [restartedMain] com.dhanush.App.CollegeAppApplication    : No active profile set, falling back to 1 default profile: "default"
2023-12-27T01:25:03.762+05:30  INFO 16288 --- [restartedMain] .s.d.r.c.RepositoryConfigurationDelegate : Bootstrapping Spring Data JPA repositories in DEFAULT mode.
2023-12-27T01:25:03.767+05:30  INFO 16288 --- [restartedMain] .s.d.r.c.RepositoryConfigurationDelegate : Finished Spring Data repository scanning in 3 ms. Found 0 JPA repository interfaces.
2023-12-27T01:25:04.013+05:30  INFO 16288 --- [restartedMain] o.s.b.w.embedded.tomcat.TomcatWebServer  : Tomcat initialized with port 8888 (http)
2023-12-27T01:25:04.017+05:30  INFO 16288 --- [restartedMain] o.apache.catalina.core.StandardService   : Starting service [Tomcat]
2023-12-27T01:25:04.018+05:30  INFO 16288 --- [restartedMain] o.apache.catalina.core.StandardEngine    : Starting Servlet engine: [Apache Tomcat/10.1.17]
2023-12-27T01:25:04.051+05:30  INFO 16288 --- [restartedMain] o.a.c.c.C.[Tomcat].[localhost].[/]       : Initializing Spring embedded WebApplicationContext
2023-12-27T01:25:04.051+05:30  INFO 16288 --- [restartedMain] w.s.c.ServletWebServerApplicationContext : Root WebApplicationContext: initialization completed in 1165 ms
2023-12-27T01:25:04.107+05:30  INFO 16288 --- [restartedMain] o.hibernate.jpa.internal.util.LogHelper  : HHH000204: Processing PersistenceUnitInfo [name: default]
2023-12-27T01:25:04.110+05:30  INFO 16288 --- [restartedMain] o.h.c.internal.RegionFactoryInitiator    : HHH000026: Second-level cache disabled
2023-12-27T01:25:04.120+05:30  INFO 16288 --- [restartedMain] o.s.o.j.p.SpringPersistenceUnitInfo      : No LoadTimeWeaver setup: ignoring JPA class transformer
2023-12-27T01:25:04.122+05:30  INFO 16288 --- [restartedMain] com.zaxxer.hikari.HikariDataSource       : HikariPool-2 - Starting...
2023-12-27T01:25:04.175+05:30  INFO 16288 --- [restartedMain] com.zaxxer.hikari.pool.HikariPool        : HikariPool-2 - Added connection com.mysql.cj.jdbc.ConnectionImpl@25d11d5
2023-12-27T01:25:04.175+05:30  INFO 16288 --- [restartedMain] com.zaxxer.hikari.HikariDataSource       : HikariPool-2 - Start completed.
2023-12-27T01:25:04.196+05:30  INFO 16288 --- [restartedMain] o.h.e.t.j.p.i.JtaPlatformInitiator       : HHH000489: No JTA platform available (set 'hibernate.transaction.jta.platform' to enable JTA platform integration)
2023-12-27T01:25:04.196+05:30  INFO 16288 --- [restartedMain] j.LocalContainerEntityManagerFactoryBean : Initialized JPA EntityManagerFactory for persistence unit 'default'
2023-12-27T01:25:04.222+05:30  WARN 16288 --- [restartedMain] JpaBaseConfiguration$JpaWebConfiguration : spring.jpa.open-in-view is enabled by default. Therefore, database queries may be performed during view rendering. Explicitly configure spring.jpa.open-in-view to disable this warning
2023-12-27T01:25:04.380+05:30  INFO 16288 --- [restartedMain] o.s.b.d.a.OptionalLiveReloadServer       : LiveReload server is running on port 35729
2023-12-27T01:25:04.401+05:30  INFO 16288 --- [restartedMain] o.s.b.w.embedded.tomcat.TomcatWebServer  : Tomcat started on port 8888 (http) with context path ''
2023-12-27T01:25:04.410+05:30  INFO 16288 --- [restartedMain] com.dhanush.App.CollegeAppApplication    : Started CollegeAppApplication in 1.629 seconds (process running for 47.911)
2023-12-27T01:25:04.418+05:30  INFO 16288 --- [restartedMain] .ConditionEvaluationDeltaLoggingListener : Condition evaluation unchanged
2023-12-27T01:26:04.355+05:30  INFO 16288 --- [File Watcher] rtingClassPathChangeChangedEventListener : Restarting due to 1 class path change (0 additions, 0 deletions, 1 modification)
2023-12-27T01:26:04.543+05:30  INFO 16288 --- [Thread-7] j.LocalContainerEntityManagerFactoryBean : Closing JPA EntityManagerFactory for persistence unit 'default'
2023-12-27T01:26:04.568+05:30  INFO 16288 --- [Thread-7] com.zaxxer.hikari.HikariDataSource       : HikariPool-2 - Shutdown initiated...
2023-12-27T01:26:04.646+05:30  INFO 16288 --- [Thread-7] com.zaxxer.hikari.HikariDataSource       : HikariPool-2 - Shutdown completed.
2023-12-27T01:26:05.196+05:30  INFO 16288 --- [restartedMain] com.dhanush.App.CollegeAppApplication    : Starting CollegeAppApplication using Java 17.0.7 with PID 16288 (D:\newtglobal\newtglobal_courses\Springboot\CollegeApp\target\classes started by Dhanush in D:\newtglobal\newtglobal_courses\Springboot\CollegeApp)
2023-12-27T01:26:05.197+05:30  INFO 16288 --- [restartedMain] com.dhanush.App.CollegeAppApplication    : No active profile set, falling back to 1 default profile: "default"
2023-12-27T01:26:05.418+05:30  INFO 16288 --- [restartedMain] .s.d.r.c.RepositoryConfigurationDelegate : Bootstrapping Spring Data JPA repositories in DEFAULT mode.
2023-12-27T01:26:05.420+05:30  INFO 16288 --- [restartedMain] .s.d.r.c.RepositoryConfigurationDelegate : Finished Spring Data repository scanning in 2 ms. Found 0 JPA repository interfaces.
2023-12-27T01:26:05.531+05:30  INFO 16288 --- [restartedMain] o.s.b.w.embedded.tomcat.TomcatWebServer  : Tomcat initialized with port 8888 (http)
2023-12-27T01:26:05.532+05:30  INFO 16288 --- [restartedMain] o.apache.catalina.core.StandardService   : Starting service [Tomcat]
2023-12-27T01:26:05.532+05:30  INFO 16288 --- [restartedMain] o.apache.catalina.core.StandardEngine    : Starting Servlet engine: [Apache Tomcat/10.1.17]
2023-12-27T01:26:05.569+05:30  INFO 16288 --- [restartedMain] o.a.c.c.C.[Tomcat].[localhost].[/]       : Initializing Spring embedded WebApplicationContext
2023-12-27T01:26:05.569+05:30  INFO 16288 --- [restartedMain] w.s.c.ServletWebServerApplicationContext : Root WebApplicationContext: initialization completed in 370 ms
2023-12-27T01:26:05.602+05:30  INFO 16288 --- [restartedMain] o.hibernate.jpa.internal.util.LogHelper  : HHH000204: Processing PersistenceUnitInfo [name: default]
2023-12-27T01:26:05.610+05:30  INFO 16288 --- [restartedMain] o.h.c.internal.RegionFactoryInitiator    : HHH000026: Second-level cache disabled
2023-12-27T01:26:05.617+05:30  INFO 16288 --- [restartedMain] o.s.o.j.p.SpringPersistenceUnitInfo      : No LoadTimeWeaver setup: ignoring JPA class transformer
2023-12-27T01:26:05.618+05:30  INFO 16288 --- [restartedMain] com.zaxxer.hikari.HikariDataSource       : HikariPool-3 - Starting...
2023-12-27T01:26:05.648+05:30  INFO 16288 --- [restartedMain] com.zaxxer.hikari.pool.HikariPool        : HikariPool-3 - Added connection com.mysql.cj.jdbc.ConnectionImpl@6c4f2683
2023-12-27T01:26:05.649+05:30  INFO 16288 --- [restartedMain] com.zaxxer.hikari.HikariDataSource       : HikariPool-3 - Start completed.
2023-12-27T01:26:05.662+05:30  INFO 16288 --- [restartedMain] o.h.e.t.j.p.i.JtaPlatformInitiator       : HHH000489: No JTA platform available (set 'hibernate.transaction.jta.platform' to enable JTA platform integration)
2023-12-27T01:26:05.662+05:30  INFO 16288 --- [restartedMain] j.LocalContainerEntityManagerFactoryBean : Initialized JPA EntityManagerFactory for persistence unit 'default'
2023-12-27T01:26:05.688+05:30  WARN 16288 --- [restartedMain] JpaBaseConfiguration$JpaWebConfiguration : spring.jpa.open-in-view is enabled by default. Therefore, database queries may be performed during view rendering. Explicitly configure spring.jpa.open-in-view to disable this warning
2023-12-27T01:26:05.831+05:30  INFO 16288 --- [restartedMain] o.s.b.d.a.OptionalLiveReloadServer       : LiveReload server is running on port 35729
2023-12-27T01:26:05.865+05:30  INFO 16288 --- [restartedMain] o.s.b.w.embedded.tomcat.TomcatWebServer  : Tomcat started on port 8888 (http) with context path ''
2023-12-27T01:26:05.932+05:30  INFO 16288 --- [restartedMain] com.dhanush.App.CollegeAppApplication    : Started CollegeAppApplication in 0.729 seconds (process running for 109.432)
2023-12-27T01:26:05.935+05:30  INFO 16288 --- [restartedMain] .ConditionEvaluationDeltaLoggingListener : Condition evaluation unchanged
2023-12-27T01:26:31.205+05:30  INFO 16288 --- [http-nio-8888-exec-1] o.a.c.c.C.[Tomcat].[localhost].[/]       : Initializing Spring DispatcherServlet 'dispatcherServlet'
2023-12-27T01:26:31.206+05:30  INFO 16288 --- [http-nio-8888-exec-1] o.s.web.servlet.DispatcherServlet        : Initializing Servlet 'dispatcherServlet'
2023-12-27T01:26:31.209+05:30  INFO 16288 --- [http-nio-8888-exec-1] o.s.web.servlet.DispatcherServlet        : Completed initialization in 1 ms
2023-12-27T01:31:04.557+05:30  INFO 16288 --- [File Watcher] rtingClassPathChangeChangedEventListener : Restarting due to 1 class path change (0 additions, 0 deletions, 1 modification)
2023-12-27T01:31:04.902+05:30  INFO 16288 --- [Thread-11] j.LocalContainerEntityManagerFactoryBean : Closing JPA EntityManagerFactory for persistence unit 'default'
2023-12-27T01:31:04.950+05:30  INFO 16288 --- [Thread-11] com.zaxxer.hikari.HikariDataSource       : HikariPool-3 - Shutdown initiated...
2023-12-27T01:31:05.102+05:30  INFO 16288 --- [Thread-11] com.zaxxer.hikari.HikariDataSource       : HikariPool-3 - Shutdown completed.
2023-12-27T01:31:06.642+05:30  INFO 16288 --- [restartedMain] com.dhanush.App.CollegeAppApplication    : Starting CollegeAppApplication using Java 17.0.7 with PID 16288 (D:\newtglobal\newtglobal_courses\Springboot\CollegeApp\target\classes started by Dhanush in D:\newtglobal\newtglobal_courses\Springboot\CollegeApp)
2023-12-27T01:31:06.644+05:30  INFO 16288 --- [restartedMain] com.dhanush.App.CollegeAppApplication    : No active profile set, falling back to 1 default profile: "default"
2023-12-27T01:31:06.936+05:30  INFO 16288 --- [restartedMain] .s.d.r.c.RepositoryConfigurationDelegate : Bootstrapping Spring Data JPA repositories in DEFAULT mode.
2023-12-27T01:31:06.940+05:30  INFO 16288 --- [restartedMain] .s.d.r.c.RepositoryConfigurationDelegate : Finished Spring Data repository scanning in 2 ms. Found 0 JPA repository interfaces.
2023-12-27T01:31:07.102+05:30  INFO 16288 --- [restartedMain] o.s.b.w.embedded.tomcat.TomcatWebServer  : Tomcat initialized with port 8080 (http)
2023-12-27T01:31:07.104+05:30  INFO 16288 --- [restartedMain] o.apache.catalina.core.StandardService   : Starting service [Tomcat]
2023-12-27T01:31:07.104+05:30  INFO 16288 --- [restartedMain] o.apache.catalina.core.StandardEngine    : Starting Servlet engine: [Apache Tomcat/10.1.17]
2023-12-27T01:31:07.126+05:30  INFO 16288 --- [restartedMain] o.a.c.c.C.[Tomcat].[localhost].[/]       : Initializing Spring embedded WebApplicationContext
2023-12-27T01:31:07.126+05:30  INFO 16288 --- [restartedMain] w.s.c.ServletWebServerApplicationContext : Root WebApplicationContext: initialization completed in 462 ms
2023-12-27T01:31:07.166+05:30  INFO 16288 --- [restartedMain] o.hibernate.jpa.internal.util.LogHelper  : HHH000204: Processing PersistenceUnitInfo [name: default]
2023-12-27T01:31:07.171+05:30  INFO 16288 --- [restartedMain] o.h.c.internal.RegionFactoryInitiator    : HHH000026: Second-level cache disabled
2023-12-27T01:31:07.175+05:30  INFO 16288 --- [restartedMain] o.s.o.j.p.SpringPersistenceUnitInfo      : No LoadTimeWeaver setup: ignoring JPA class transformer
2023-12-27T01:31:07.176+05:30  INFO 16288 --- [restartedMain] com.zaxxer.hikari.HikariDataSource       : HikariPool-4 - Starting...
2023-12-27T01:31:07.386+05:30  INFO 16288 --- [restartedMain] com.zaxxer.hikari.pool.HikariPool        : HikariPool-4 - Added connection com.mysql.cj.jdbc.ConnectionImpl@3bb97d0b
2023-12-27T01:31:07.387+05:30  INFO 16288 --- [restartedMain] com.zaxxer.hikari.HikariDataSource       : HikariPool-4 - Start completed.
2023-12-27T01:31:07.400+05:30  INFO 16288 --- [restartedMain] o.h.e.t.j.p.i.JtaPlatformInitiator       : HHH000489: No JTA platform available (set 'hibernate.transaction.jta.platform' to enable JTA platform integration)
2023-12-27T01:31:07.400+05:30  INFO 16288 --- [restartedMain] j.LocalContainerEntityManagerFactoryBean : Initialized JPA EntityManagerFactory for persistence unit 'default'
2023-12-27T01:31:07.420+05:30  WARN 16288 --- [restartedMain] JpaBaseConfiguration$JpaWebConfiguration : spring.jpa.open-in-view is enabled by default. Therefore, database queries may be performed during view rendering. Explicitly configure spring.jpa.open-in-view to disable this warning
2023-12-27T01:31:07.543+05:30  INFO 16288 --- [restartedMain] o.s.b.d.a.OptionalLiveReloadServer       : LiveReload server is running on port 35729
2023-12-27T01:31:07.562+05:30  INFO 16288 --- [restartedMain] o.s.b.w.embedded.tomcat.TomcatWebServer  : Tomcat started on port 8080 (http) with context path ''
2023-12-27T01:31:07.572+05:30  INFO 16288 --- [restartedMain] com.dhanush.App.CollegeAppApplication    : Started CollegeAppApplication in 1.108 seconds (process running for 411.073)
2023-12-27T01:31:07.583+05:30  INFO 16288 --- [restartedMain] .ConditionEvaluationDeltaLoggingListener : Condition evaluation unchanged
2023-12-27T01:31:51.384+05:30  INFO 16288 --- [RMI TCP Connection(23)-127.0.0.1] inMXBeanRegistrar$SpringApplicationAdmin : Application shutdown requested.
2023-12-27T01:31:51.425+05:30  INFO 16288 --- [RMI TCP Connection(23)-127.0.0.1] j.LocalContainerEntityManagerFactoryBean : Closing JPA EntityManagerFactory for persistence unit 'default'
2023-12-27T01:31:51.429+05:30  INFO 16288 --- [RMI TCP Connection(23)-127.0.0.1] com.zaxxer.hikari.HikariDataSource       : HikariPool-4 - Shutdown initiated...
2023-12-27T01:31:51.449+05:30  INFO 16288 --- [RMI TCP Connection(23)-127.0.0.1] com.zaxxer.hikari.HikariDataSource       : HikariPool-4 - Shutdown completed.
2023-12-27T01:32:35.917+05:30  INFO 12736 --- [restartedMain] com.dhanush.App.CollegeAppApplication    : Starting CollegeAppApplication using Java 17.0.7 with PID 12736 (D:\newtglobal\newtglobal_courses\Springboot\CollegeApp\target\classes started by Dhanush in D:\newtglobal\newtglobal_courses\Springboot\CollegeApp)
2023-12-27T01:32:35.921+05:30  INFO 12736 --- [restartedMain] com.dhanush.App.CollegeAppApplication    : No active profile set, falling back to 1 default profile: "default"
2023-12-27T01:32:36.004+05:30  INFO 12736 --- [restartedMain] .e.DevToolsPropertyDefaultsPostProcessor : Devtools property defaults active! Set 'spring.devtools.add-properties' to 'false' to disable
2023-12-27T01:32:36.006+05:30  INFO 12736 --- [restartedMain] .e.DevToolsPropertyDefaultsPostProcessor : For additional web related logging consider setting the 'logging.level.web' property to 'DEBUG'
2023-12-27T01:32:36.713+05:30  INFO 12736 --- [restartedMain] .s.d.r.c.RepositoryConfigurationDelegate : Bootstrapping Spring Data JPA repositories in DEFAULT mode.
2023-12-27T01:32:36.743+05:30  INFO 12736 --- [restartedMain] .s.d.r.c.RepositoryConfigurationDelegate : Finished Spring Data repository scanning in 14 ms. Found 0 JPA repository interfaces.
2023-12-27T01:32:37.430+05:30  INFO 12736 --- [restartedMain] o.s.b.w.embedded.tomcat.TomcatWebServer  : Tomcat initialized with port 8080 (http)
2023-12-27T01:32:37.447+05:30  INFO 12736 --- [restartedMain] o.apache.catalina.core.StandardService   : Starting service [Tomcat]
2023-12-27T01:32:37.447+05:30  INFO 12736 --- [restartedMain] o.apache.catalina.core.StandardEngine    : Starting Servlet engine: [Apache Tomcat/10.1.17]
2023-12-27T01:32:37.545+05:30  INFO 12736 --- [restartedMain] o.a.c.c.C.[Tomcat].[localhost].[/]       : Initializing Spring embedded WebApplicationContext
2023-12-27T01:32:37.546+05:30  INFO 12736 --- [restartedMain] w.s.c.ServletWebServerApplicationContext : Root WebApplicationContext: initialization completed in 1539 ms
2023-12-27T01:32:37.744+05:30  INFO 12736 --- [restartedMain] o.hibernate.jpa.internal.util.LogHelper  : HHH000204: Processing PersistenceUnitInfo [name: default]
2023-12-27T01:32:37.822+05:30  INFO 12736 --- [restartedMain] org.hibernate.Version                    : HHH000412: Hibernate ORM core version 6.4.1.Final
2023-12-27T01:32:37.877+05:30  INFO 12736 --- [restartedMain] o.h.c.internal.RegionFactoryInitiator    : HHH000026: Second-level cache disabled
2023-12-27T01:32:38.514+05:30  INFO 12736 --- [restartedMain] o.s.o.j.p.SpringPersistenceUnitInfo      : No LoadTimeWeaver setup: ignoring JPA class transformer
2023-12-27T01:32:38.555+05:30  INFO 12736 --- [restartedMain] com.zaxxer.hikari.HikariDataSource       : HikariPool-1 - Starting...
2023-12-27T01:32:38.956+05:30  INFO 12736 --- [restartedMain] com.zaxxer.hikari.pool.HikariPool        : HikariPool-1 - Added connection com.mysql.cj.jdbc.ConnectionImpl@4f90db32
2023-12-27T01:32:38.961+05:30  INFO 12736 --- [restartedMain] com.zaxxer.hikari.HikariDataSource       : HikariPool-1 - Start completed.
2023-12-27T01:32:39.452+05:30  INFO 12736 --- [restartedMain] o.h.e.t.j.p.i.JtaPlatformInitiator       : HHH000489: No JTA platform available (set 'hibernate.transaction.jta.platform' to enable JTA platform integration)
2023-12-27T01:32:39.459+05:30  INFO 12736 --- [restartedMain] j.LocalContainerEntityManagerFactoryBean : Initialized JPA EntityManagerFactory for persistence unit 'default'
2023-12-27T01:32:39.522+05:30  WARN 12736 --- [restartedMain] JpaBaseConfiguration$JpaWebConfiguration : spring.jpa.open-in-view is enabled by default. Therefore, database queries may be performed during view rendering. Explicitly configure spring.jpa.open-in-view to disable this warning
2023-12-27T01:32:39.900+05:30  INFO 12736 --- [restartedMain] o.s.b.d.a.OptionalLiveReloadServer       : LiveReload server is running on port 35729
2023-12-27T01:32:39.964+05:30  INFO 12736 --- [restartedMain] o.s.b.w.embedded.tomcat.TomcatWebServer  : Tomcat started on port 8080 (http) with context path ''
2023-12-27T01:32:39.976+05:30  INFO 12736 --- [restartedMain] com.dhanush.App.CollegeAppApplication    : Started CollegeAppApplication in 4.855 seconds (process running for 6.205)
2023-12-27T01:32:55.069+05:30  INFO 12736 --- [http-nio-8080-exec-2] o.a.c.c.C.[Tomcat].[localhost].[/]       : Initializing Spring DispatcherServlet 'dispatcherServlet'
2023-12-27T01:32:55.070+05:30  INFO 12736 --- [http-nio-8080-exec-2] o.s.web.servlet.DispatcherServlet        : Initializing Servlet 'dispatcherServlet'
2023-12-27T01:32:55.073+05:30  INFO 12736 --- [http-nio-8080-exec-2] o.s.web.servlet.DispatcherServlet        : Completed initialization in 3 ms
2023-12-27T01:34:11.879+05:30  INFO 12736 --- [File Watcher] rtingClassPathChangeChangedEventListener : Restarting due to 2 class path changes (1 addition, 1 deletion, 0 modifications)
2023-12-27T01:34:11.957+05:30  INFO 12736 --- [Thread-5] j.LocalContainerEntityManagerFactoryBean : Closing JPA EntityManagerFactory for persistence unit 'default'
2023-12-27T01:34:11.988+05:30  INFO 12736 --- [Thread-5] com.zaxxer.hikari.HikariDataSource       : HikariPool-1 - Shutdown initiated...
2023-12-27T01:34:12.047+05:30  INFO 12736 --- [Thread-5] com.zaxxer.hikari.HikariDataSource       : HikariPool-1 - Shutdown completed.
2023-12-27T01:34:12.253+05:30  INFO 12736 --- [restartedMain] com.dhanush.App.CollegeAppApplication    : Starting CollegeAppApplication using Java 17.0.7 with PID 12736 (D:\newtglobal\newtglobal_courses\Springboot\CollegeApp\target\classes started by Dhanush in D:\newtglobal\newtglobal_courses\Springboot\CollegeApp)
2023-12-27T01:34:12.253+05:30  INFO 12736 --- [restartedMain] com.dhanush.App.CollegeAppApplication    : No active profile set, falling back to 1 default profile: "default"
2023-12-27T01:34:12.445+05:30  INFO 12736 --- [restartedMain] .s.d.r.c.RepositoryConfigurationDelegate : Bootstrapping Spring Data JPA repositories in DEFAULT mode.
2023-12-27T01:34:12.448+05:30  INFO 12736 --- [restartedMain] .s.d.r.c.RepositoryConfigurationDelegate : Finished Spring Data repository scanning in 2 ms. Found 0 JPA repository interfaces.
2023-12-27T01:34:12.821+05:30  INFO 12736 --- [restartedMain] o.s.b.w.embedded.tomcat.TomcatWebServer  : Tomcat initialized with port 8080 (http)
2023-12-27T01:34:12.822+05:30  INFO 12736 --- [restartedMain] o.apache.catalina.core.StandardService   : Starting service [Tomcat]
2023-12-27T01:34:12.823+05:30  INFO 12736 --- [restartedMain] o.apache.catalina.core.StandardEngine    : Starting Servlet engine: [Apache Tomcat/10.1.17]
2023-12-27T01:34:12.846+05:30  INFO 12736 --- [restartedMain] o.a.c.c.C.[Tomcat].[localhost].[/]       : Initializing Spring embedded WebApplicationContext
2023-12-27T01:34:12.846+05:30  INFO 12736 --- [restartedMain] w.s.c.ServletWebServerApplicationContext : Root WebApplicationContext: initialization completed in 590 ms
2023-12-27T01:34:12.902+05:30  INFO 12736 --- [restartedMain] o.hibernate.jpa.internal.util.LogHelper  : HHH000204: Processing PersistenceUnitInfo [name: default]
2023-12-27T01:34:12.907+05:30  INFO 12736 --- [restartedMain] o.h.c.internal.RegionFactoryInitiator    : HHH000026: Second-level cache disabled
2023-12-27T01:34:12.915+05:30  INFO 12736 --- [restartedMain] o.s.o.j.p.SpringPersistenceUnitInfo      : No LoadTimeWeaver setup: ignoring JPA class transformer
2023-12-27T01:34:12.917+05:30  INFO 12736 --- [restartedMain] com.zaxxer.hikari.HikariDataSource       : HikariPool-2 - Starting...
2023-12-27T01:34:12.971+05:30  INFO 12736 --- [restartedMain] com.zaxxer.hikari.pool.HikariPool        : HikariPool-2 - Added connection com.mysql.cj.jdbc.ConnectionImpl@10856248
2023-12-27T01:34:12.972+05:30  INFO 12736 --- [restartedMain] com.zaxxer.hikari.HikariDataSource       : HikariPool-2 - Start completed.
2023-12-27T01:34:12.988+05:30  INFO 12736 --- [restartedMain] o.h.e.t.j.p.i.JtaPlatformInitiator       : HHH000489: No JTA platform available (set 'hibernate.transaction.jta.platform' to enable JTA platform integration)
2023-12-27T01:34:12.989+05:30  INFO 12736 --- [restartedMain] j.LocalContainerEntityManagerFactoryBean : Initialized JPA EntityManagerFactory for persistence unit 'default'
2023-12-27T01:34:13.025+05:30  WARN 12736 --- [restartedMain] JpaBaseConfiguration$JpaWebConfiguration : spring.jpa.open-in-view is enabled by default. Therefore, database queries may be performed during view rendering. Explicitly configure spring.jpa.open-in-view to disable this warning
2023-12-27T01:34:13.563+05:30  INFO 12736 --- [restartedMain] o.s.b.d.a.OptionalLiveReloadServer       : LiveReload server is running on port 35729
2023-12-27T01:34:13.612+05:30  INFO 12736 --- [restartedMain] o.s.b.w.embedded.tomcat.TomcatWebServer  : Tomcat started on port 8080 (http) with context path ''
2023-12-27T01:34:13.666+05:30  INFO 12736 --- [restartedMain] com.dhanush.App.CollegeAppApplication    : Started CollegeAppApplication in 1.422 seconds (process running for 99.896)
2023-12-27T01:34:13.675+05:30  INFO 12736 --- [restartedMain] .ConditionEvaluationDeltaLoggingListener : Condition evaluation unchanged
2023-12-27T01:34:23.339+05:30  INFO 12736 --- [http-nio-8080-exec-2] o.a.c.c.C.[Tomcat].[localhost].[/]       : Initializing Spring DispatcherServlet 'dispatcherServlet'
2023-12-27T01:34:23.341+05:30  INFO 12736 --- [http-nio-8080-exec-2] o.s.web.servlet.DispatcherServlet        : Initializing Servlet 'dispatcherServlet'
2023-12-27T01:34:23.344+05:30  INFO 12736 --- [http-nio-8080-exec-2] o.s.web.servlet.DispatcherServlet        : Completed initialization in 3 ms
2023-12-27T01:35:38.798+05:30  INFO 12736 --- [RMI TCP Connection(13)-127.0.0.1] inMXBeanRegistrar$SpringApplicationAdmin : Application shutdown requested.
2023-12-27T01:35:38.839+05:30  INFO 12736 --- [RMI TCP Connection(13)-127.0.0.1] j.LocalContainerEntityManagerFactoryBean : Closing JPA EntityManagerFactory for persistence unit 'default'
2023-12-27T01:35:40.575+05:30  INFO 12736 --- [RMI TCP Connection(13)-127.0.0.1] com.zaxxer.hikari.HikariDataSource       : HikariPool-2 - Shutdown initiated...
2023-12-27T01:35:40.627+05:30  INFO 12736 --- [RMI TCP Connection(13)-127.0.0.1] com.zaxxer.hikari.HikariDataSource       : HikariPool-2 - Shutdown completed.
2023-12-27T01:37:43.704+05:30  INFO 3596 --- [restartedMain] com.dhanush.CollegeAppApplication        : Starting CollegeAppApplication using Java 17.0.7 with PID 3596 (D:\newtglobal\newtglobal_courses\Springboot\CollegeApp\target\classes started by Dhanush in D:\newtglobal\newtglobal_courses\Springboot\CollegeApp)
2023-12-27T01:37:43.743+05:30  INFO 3596 --- [restartedMain] com.dhanush.CollegeAppApplication        : No active profile set, falling back to 1 default profile: "default"
2023-12-27T01:37:43.823+05:30  INFO 3596 --- [restartedMain] .e.DevToolsPropertyDefaultsPostProcessor : Devtools property defaults active! Set 'spring.devtools.add-properties' to 'false' to disable
2023-12-27T01:37:43.824+05:30  INFO 3596 --- [restartedMain] .e.DevToolsPropertyDefaultsPostProcessor : For additional web related logging consider setting the 'logging.level.web' property to 'DEBUG'
2023-12-27T01:37:45.282+05:30  INFO 3596 --- [restartedMain] .s.d.r.c.RepositoryConfigurationDelegate : Bootstrapping Spring Data JPA repositories in DEFAULT mode.
2023-12-27T01:37:45.323+05:30  INFO 3596 --- [restartedMain] .s.d.r.c.RepositoryConfigurationDelegate : Finished Spring Data repository scanning in 25 ms. Found 0 JPA repository interfaces.
2023-12-27T01:37:46.112+05:30  INFO 3596 --- [restartedMain] o.s.b.w.embedded.tomcat.TomcatWebServer  : Tomcat initialized with port 8080 (http)
2023-12-27T01:37:46.128+05:30  INFO 3596 --- [restartedMain] o.apache.catalina.core.StandardService   : Starting service [Tomcat]
2023-12-27T01:37:46.128+05:30  INFO 3596 --- [restartedMain] o.apache.catalina.core.StandardEngine    : Starting Servlet engine: [Apache Tomcat/10.1.17]
2023-12-27T01:37:46.223+05:30  INFO 3596 --- [restartedMain] o.a.c.c.C.[Tomcat].[localhost].[/]       : Initializing Spring embedded WebApplicationContext
2023-12-27T01:37:46.224+05:30  INFO 3596 --- [restartedMain] w.s.c.ServletWebServerApplicationContext : Root WebApplicationContext: initialization completed in 2399 ms
2023-12-27T01:37:46.510+05:30  INFO 3596 --- [restartedMain] o.hibernate.jpa.internal.util.LogHelper  : HHH000204: Processing PersistenceUnitInfo [name: default]
2023-12-27T01:37:46.599+05:30  INFO 3596 --- [restartedMain] org.hibernate.Version                    : HHH000412: Hibernate ORM core version 6.4.1.Final
2023-12-27T01:37:46.656+05:30  INFO 3596 --- [restartedMain] o.h.c.internal.RegionFactoryInitiator    : HHH000026: Second-level cache disabled
2023-12-27T01:37:46.926+05:30  INFO 3596 --- [restartedMain] o.s.o.j.p.SpringPersistenceUnitInfo      : No LoadTimeWeaver setup: ignoring JPA class transformer
2023-12-27T01:37:46.965+05:30  INFO 3596 --- [restartedMain] com.zaxxer.hikari.HikariDataSource       : HikariPool-1 - Starting...
2023-12-27T01:37:47.419+05:30  INFO 3596 --- [restartedMain] com.zaxxer.hikari.pool.HikariPool        : HikariPool-1 - Added connection com.mysql.cj.jdbc.ConnectionImpl@6824dca
2023-12-27T01:37:47.422+05:30  INFO 3596 --- [restartedMain] com.zaxxer.hikari.HikariDataSource       : HikariPool-1 - Start completed.
2023-12-27T01:37:47.966+05:30  INFO 3596 --- [restartedMain] o.h.e.t.j.p.i.JtaPlatformInitiator       : HHH000489: No JTA platform available (set 'hibernate.transaction.jta.platform' to enable JTA platform integration)
2023-12-27T01:37:47.974+05:30  INFO 3596 --- [restartedMain] j.LocalContainerEntityManagerFactoryBean : Initialized JPA EntityManagerFactory for persistence unit 'default'
2023-12-27T01:37:48.161+05:30  WARN 3596 --- [restartedMain] JpaBaseConfiguration$JpaWebConfiguration : spring.jpa.open-in-view is enabled by default. Therefore, database queries may be performed during view rendering. Explicitly configure spring.jpa.open-in-view to disable this warning
2023-12-27T01:37:49.969+05:30  INFO 3596 --- [restartedMain] o.s.b.d.a.OptionalLiveReloadServer       : LiveReload server is running on port 35729
2023-12-27T01:37:50.148+05:30  INFO 3596 --- [restartedMain] o.s.b.w.embedded.tomcat.TomcatWebServer  : Tomcat started on port 8080 (http) with context path ''
2023-12-27T01:37:50.188+05:30  INFO 3596 --- [restartedMain] com.dhanush.CollegeAppApplication        : Started CollegeAppApplication in 6.964 seconds (process running for 8.379)
2023-12-27T01:38:08.013+05:30  INFO 3596 --- [http-nio-8080-exec-1] o.a.c.c.C.[Tomcat].[localhost].[/]       : Initializing Spring DispatcherServlet 'dispatcherServlet'
2023-12-27T01:38:08.014+05:30  INFO 3596 --- [http-nio-8080-exec-1] o.s.web.servlet.DispatcherServlet        : Initializing Servlet 'dispatcherServlet'
2023-12-27T01:38:08.018+05:30  INFO 3596 --- [http-nio-8080-exec-1] o.s.web.servlet.DispatcherServlet        : Completed initialization in 4 ms
2023-12-27T01:39:17.587+05:30  INFO 3596 --- [File Watcher] rtingClassPathChangeChangedEventListener : Restarting due to 1 class path change (1 addition, 0 deletions, 0 modifications)
2023-12-27T01:39:17.697+05:30  INFO 3596 --- [Thread-5] j.LocalContainerEntityManagerFactoryBean : Closing JPA EntityManagerFactory for persistence unit 'default'
2023-12-27T01:39:17.713+05:30  INFO 3596 --- [Thread-5] com.zaxxer.hikari.HikariDataSource       : HikariPool-1 - Shutdown initiated...
2023-12-27T01:39:17.778+05:30  INFO 3596 --- [Thread-5] com.zaxxer.hikari.HikariDataSource       : HikariPool-1 - Shutdown completed.
2023-12-27T01:39:18.131+05:30  INFO 3596 --- [restartedMain] com.dhanush.CollegeAppApplication        : Starting CollegeAppApplication using Java 17.0.7 with PID 3596 (D:\newtglobal\newtglobal_courses\Springboot\CollegeApp\target\classes started by Dhanush in D:\newtglobal\newtglobal_courses\Springboot\CollegeApp)
2023-12-27T01:39:18.133+05:30  INFO 3596 --- [restartedMain] com.dhanush.CollegeAppApplication        : No active profile set, falling back to 1 default profile: "default"
2023-12-27T01:39:18.545+05:30  INFO 3596 --- [restartedMain] .s.d.r.c.RepositoryConfigurationDelegate : Bootstrapping Spring Data JPA repositories in DEFAULT mode.
2023-12-27T01:39:18.549+05:30  INFO 3596 --- [restartedMain] .s.d.r.c.RepositoryConfigurationDelegate : Finished Spring Data repository scanning in 3 ms. Found 0 JPA repository interfaces.
2023-12-27T01:39:18.799+05:30  INFO 3596 --- [restartedMain] o.s.b.w.embedded.tomcat.TomcatWebServer  : Tomcat initialized with port 8080 (http)
2023-12-27T01:39:18.800+05:30  INFO 3596 --- [restartedMain] o.apache.catalina.core.StandardService   : Starting service [Tomcat]
2023-12-27T01:39:18.800+05:30  INFO 3596 --- [restartedMain] o.apache.catalina.core.StandardEngine    : Starting Servlet engine: [Apache Tomcat/10.1.17]
2023-12-27T01:39:18.827+05:30  INFO 3596 --- [restartedMain] o.a.c.c.C.[Tomcat].[localhost].[/]       : Initializing Spring embedded WebApplicationContext
2023-12-27T01:39:18.828+05:30  INFO 3596 --- [restartedMain] w.s.c.ServletWebServerApplicationContext : Root WebApplicationContext: initialization completed in 684 ms
2023-12-27T01:39:18.873+05:30  INFO 3596 --- [restartedMain] o.hibernate.jpa.internal.util.LogHelper  : HHH000204: Processing PersistenceUnitInfo [name: default]
2023-12-27T01:39:18.875+05:30  INFO 3596 --- [restartedMain] o.h.c.internal.RegionFactoryInitiator    : HHH000026: Second-level cache disabled
2023-12-27T01:39:18.880+05:30  INFO 3596 --- [restartedMain] o.s.o.j.p.SpringPersistenceUnitInfo      : No LoadTimeWeaver setup: ignoring JPA class transformer
2023-12-27T01:39:18.882+05:30  INFO 3596 --- [restartedMain] com.zaxxer.hikari.HikariDataSource       : HikariPool-2 - Starting...
2023-12-27T01:39:18.927+05:30  INFO 3596 --- [restartedMain] com.zaxxer.hikari.pool.HikariPool        : HikariPool-2 - Added connection com.mysql.cj.jdbc.ConnectionImpl@4ac76d23
2023-12-27T01:39:18.927+05:30  INFO 3596 --- [restartedMain] com.zaxxer.hikari.HikariDataSource       : HikariPool-2 - Start completed.
2023-12-27T01:39:18.936+05:30  INFO 3596 --- [restartedMain] o.h.e.t.j.p.i.JtaPlatformInitiator       : HHH000489: No JTA platform available (set 'hibernate.transaction.jta.platform' to enable JTA platform integration)
2023-12-27T01:39:18.936+05:30  INFO 3596 --- [restartedMain] j.LocalContainerEntityManagerFactoryBean : Initialized JPA EntityManagerFactory for persistence unit 'default'
2023-12-27T01:39:18.979+05:30  WARN 3596 --- [restartedMain] JpaBaseConfiguration$JpaWebConfiguration : spring.jpa.open-in-view is enabled by default. Therefore, database queries may be performed during view rendering. Explicitly configure spring.jpa.open-in-view to disable this warning
2023-12-27T01:39:19.572+05:30  INFO 3596 --- [restartedMain] o.s.b.d.a.OptionalLiveReloadServer       : LiveReload server is running on port 35729
2023-12-27T01:39:19.588+05:30  INFO 3596 --- [restartedMain] o.s.b.w.embedded.tomcat.TomcatWebServer  : Tomcat started on port 8080 (http) with context path ''
2023-12-27T01:39:19.610+05:30  INFO 3596 --- [restartedMain] com.dhanush.CollegeAppApplication        : Started CollegeAppApplication in 1.562 seconds (process running for 97.802)
2023-12-27T01:39:19.614+05:30  INFO 3596 --- [restartedMain] .ConditionEvaluationDeltaLoggingListener : Condition evaluation unchanged
2023-12-27T01:42:01.746+05:30  INFO 3596 --- [RMI TCP Connection(16)-127.0.0.1] inMXBeanRegistrar$SpringApplicationAdmin : Application shutdown requested.
2023-12-27T01:42:02.189+05:30  INFO 3596 --- [File Watcher] rtingClassPathChangeChangedEventListener : Restarting due to 1 class path change (0 additions, 0 deletions, 1 modification)
2023-12-27T01:42:02.603+05:30  INFO 3596 --- [RMI TCP Connection(16)-127.0.0.1] j.LocalContainerEntityManagerFactoryBean : Closing JPA EntityManagerFactory for persistence unit 'default'
2023-12-27T01:42:02.674+05:30  INFO 3596 --- [RMI TCP Connection(16)-127.0.0.1] com.zaxxer.hikari.HikariDataSource       : HikariPool-2 - Shutdown initiated...
2023-12-27T01:42:02.757+05:30  INFO 3596 --- [RMI TCP Connection(16)-127.0.0.1] com.zaxxer.hikari.HikariDataSource       : HikariPool-2 - Shutdown completed.
2023-12-27T01:42:03.491+05:30  INFO 3596 --- [restartedMain] com.dhanush.CollegeAppApplication        : Starting CollegeAppApplication using Java 17.0.7 with PID 3596 (D:\newtglobal\newtglobal_courses\Springboot\CollegeApp\target\classes started by Dhanush in D:\newtglobal\newtglobal_courses\Springboot\CollegeApp)
2023-12-27T01:42:03.493+05:30  INFO 3596 --- [restartedMain] com.dhanush.CollegeAppApplication        : No active profile set, falling back to 1 default profile: "default"
2023-12-27T01:42:03.927+05:30  INFO 3596 --- [restartedMain] .s.d.r.c.RepositoryConfigurationDelegate : Bootstrapping Spring Data JPA repositories in DEFAULT mode.
2023-12-27T01:42:03.931+05:30  INFO 3596 --- [restartedMain] .s.d.r.c.RepositoryConfigurationDelegate : Finished Spring Data repository scanning in 2 ms. Found 0 JPA repository interfaces.
2023-12-27T01:42:04.197+05:30  INFO 3596 --- [restartedMain] o.s.b.w.embedded.tomcat.TomcatWebServer  : Tomcat initialized with port 8080 (http)
2023-12-27T01:42:04.198+05:30  INFO 3596 --- [restartedMain] o.apache.catalina.core.StandardService   : Starting service [Tomcat]
2023-12-27T01:42:04.200+05:30  INFO 3596 --- [restartedMain] o.apache.catalina.core.StandardEngine    : Starting Servlet engine: [Apache Tomcat/10.1.17]
2023-12-27T01:42:04.241+05:30  INFO 3596 --- [restartedMain] o.a.c.c.C.[Tomcat].[localhost].[/]       : Initializing Spring embedded WebApplicationContext
2023-12-27T01:42:04.241+05:30  INFO 3596 --- [restartedMain] w.s.c.ServletWebServerApplicationContext : Root WebApplicationContext: initialization completed in 741 ms
2023-12-27T01:42:04.278+05:30  INFO 3596 --- [restartedMain] o.hibernate.jpa.internal.util.LogHelper  : HHH000204: Processing PersistenceUnitInfo [name: default]
2023-12-27T01:42:04.281+05:30  INFO 3596 --- [restartedMain] o.h.c.internal.RegionFactoryInitiator    : HHH000026: Second-level cache disabled
2023-12-27T01:42:04.322+05:30  INFO 3596 --- [restartedMain] o.s.o.j.p.SpringPersistenceUnitInfo      : No LoadTimeWeaver setup: ignoring JPA class transformer
2023-12-27T01:42:04.327+05:30  INFO 3596 --- [restartedMain] com.zaxxer.hikari.HikariDataSource       : HikariPool-3 - Starting...
2023-12-27T01:42:04.369+05:30  INFO 3596 --- [restartedMain] com.zaxxer.hikari.pool.HikariPool        : HikariPool-3 - Added connection com.mysql.cj.jdbc.ConnectionImpl@2acc2d92
2023-12-27T01:42:04.370+05:30  INFO 3596 --- [restartedMain] com.zaxxer.hikari.HikariDataSource       : HikariPool-3 - Start completed.
2023-12-27T01:42:05.023+05:30  INFO 3596 --- [restartedMain] o.h.e.t.j.p.i.JtaPlatformInitiator       : HHH000489: No JTA platform available (set 'hibernate.transaction.jta.platform' to enable JTA platform integration)
2023-12-27T01:42:05.320+05:30  INFO 3596 --- [restartedMain] j.LocalContainerEntityManagerFactoryBean : Initialized JPA EntityManagerFactory for persistence unit 'default'
2023-12-27T01:42:05.367+05:30  WARN 3596 --- [restartedMain] JpaBaseConfiguration$JpaWebConfiguration : spring.jpa.open-in-view is enabled by default. Therefore, database queries may be performed during view rendering. Explicitly configure spring.jpa.open-in-view to disable this warning
2023-12-27T01:42:05.866+05:30  INFO 3596 --- [restartedMain] o.s.b.d.a.OptionalLiveReloadServer       : LiveReload server is running on port 35729
2023-12-27T01:42:05.882+05:30  INFO 3596 --- [restartedMain] o.s.b.w.embedded.tomcat.TomcatWebServer  : Tomcat started on port 8080 (http) with context path ''
2023-12-27T01:42:05.898+05:30  INFO 3596 --- [restartedMain] com.dhanush.CollegeAppApplication        : Started CollegeAppApplication in 2.547 seconds (process running for 264.09)
2023-12-27T01:42:05.903+05:30  INFO 3596 --- [restartedMain] .ConditionEvaluationDeltaLoggingListener : Condition evaluation unchanged
2023-12-27T01:53:25.384+05:30  INFO 2288 --- [restartedMain] com.dhanush.CollegeAppApplication        : Starting CollegeAppApplication using Java 17.0.7 with PID 2288 (D:\newtglobal\newtglobal_courses\Springboot\CollegeApp\target\classes started by Dhanush in D:\newtglobal\newtglobal_courses\Springboot\CollegeApp)
2023-12-27T01:53:25.423+05:30  INFO 2288 --- [restartedMain] com.dhanush.CollegeAppApplication        : No active profile set, falling back to 1 default profile: "default"
2023-12-27T01:53:25.493+05:30  INFO 2288 --- [restartedMain] .e.DevToolsPropertyDefaultsPostProcessor : Devtools property defaults active! Set 'spring.devtools.add-properties' to 'false' to disable
2023-12-27T01:53:25.493+05:30  INFO 2288 --- [restartedMain] .e.DevToolsPropertyDefaultsPostProcessor : For additional web related logging consider setting the 'logging.level.web' property to 'DEBUG'
2023-12-27T01:53:26.400+05:30  INFO 2288 --- [restartedMain] .s.d.r.c.RepositoryConfigurationDelegate : Bootstrapping Spring Data JPA repositories in DEFAULT mode.
2023-12-27T01:53:26.458+05:30  INFO 2288 --- [restartedMain] .s.d.r.c.RepositoryConfigurationDelegate : Finished Spring Data repository scanning in 49 ms. Found 1 JPA repository interface.
2023-12-27T01:53:27.120+05:30  INFO 2288 --- [restartedMain] o.s.b.w.embedded.tomcat.TomcatWebServer  : Tomcat initialized with port 8080 (http)
2023-12-27T01:53:27.134+05:30  INFO 2288 --- [restartedMain] o.apache.catalina.core.StandardService   : Starting service [Tomcat]
2023-12-27T01:53:27.135+05:30  INFO 2288 --- [restartedMain] o.apache.catalina.core.StandardEngine    : Starting Servlet engine: [Apache Tomcat/10.1.17]
2023-12-27T01:53:27.207+05:30  INFO 2288 --- [restartedMain] o.a.c.c.C.[Tomcat].[localhost].[/]       : Initializing Spring embedded WebApplicationContext
2023-12-27T01:53:27.207+05:30  INFO 2288 --- [restartedMain] w.s.c.ServletWebServerApplicationContext : Root WebApplicationContext: initialization completed in 1712 ms
2023-12-27T01:53:27.375+05:30  INFO 2288 --- [restartedMain] o.hibernate.jpa.internal.util.LogHelper  : HHH000204: Processing PersistenceUnitInfo [name: default]
2023-12-27T01:53:27.446+05:30  INFO 2288 --- [restartedMain] org.hibernate.Version                    : HHH000412: Hibernate ORM core version 6.4.1.Final
2023-12-27T01:53:27.499+05:30  INFO 2288 --- [restartedMain] o.h.c.internal.RegionFactoryInitiator    : HHH000026: Second-level cache disabled
2023-12-27T01:53:27.766+05:30  INFO 2288 --- [restartedMain] o.s.o.j.p.SpringPersistenceUnitInfo      : No LoadTimeWeaver setup: ignoring JPA class transformer
2023-12-27T01:53:27.798+05:30  INFO 2288 --- [restartedMain] com.zaxxer.hikari.HikariDataSource       : HikariPool-1 - Starting...
2023-12-27T01:53:28.207+05:30  INFO 2288 --- [restartedMain] com.zaxxer.hikari.pool.HikariPool        : HikariPool-1 - Added connection com.mysql.cj.jdbc.ConnectionImpl@3d5b67f6
2023-12-27T01:53:28.210+05:30  INFO 2288 --- [restartedMain] com.zaxxer.hikari.HikariDataSource       : HikariPool-1 - Start completed.
2023-12-27T01:53:29.225+05:30  INFO 2288 --- [restartedMain] o.h.e.t.j.p.i.JtaPlatformInitiator       : HHH000489: No JTA platform available (set 'hibernate.transaction.jta.platform' to enable JTA platform integration)
2023-12-27T01:53:29.326+05:30  INFO 2288 --- [restartedMain] j.LocalContainerEntityManagerFactoryBean : Initialized JPA EntityManagerFactory for persistence unit 'default'
2023-12-27T01:53:29.677+05:30  WARN 2288 --- [restartedMain] JpaBaseConfiguration$JpaWebConfiguration : spring.jpa.open-in-view is enabled by default. Therefore, database queries may be performed during view rendering. Explicitly configure spring.jpa.open-in-view to disable this warning
2023-12-27T01:53:30.958+05:30  INFO 2288 --- [restartedMain] o.s.b.d.a.OptionalLiveReloadServer       : LiveReload server is running on port 35729
2023-12-27T01:53:31.017+05:30  INFO 2288 --- [restartedMain] o.s.b.w.embedded.tomcat.TomcatWebServer  : Tomcat started on port 8080 (http) with context path ''
2023-12-27T01:53:31.030+05:30  INFO 2288 --- [restartedMain] com.dhanush.CollegeAppApplication        : Started CollegeAppApplication in 6.594 seconds (process running for 7.743)
2023-12-27T01:53:40.964+05:30  INFO 2288 --- [http-nio-8080-exec-2] o.a.c.c.C.[Tomcat].[localhost].[/]       : Initializing Spring DispatcherServlet 'dispatcherServlet'
2023-12-27T01:53:40.964+05:30  INFO 2288 --- [http-nio-8080-exec-2] o.s.web.servlet.DispatcherServlet        : Initializing Servlet 'dispatcherServlet'
2023-12-27T01:53:40.968+05:30  INFO 2288 --- [http-nio-8080-exec-2] o.s.web.servlet.DispatcherServlet        : Completed initialization in 4 ms
2023-12-27T01:57:16.066+05:30  INFO 2288 --- [File Watcher] rtingClassPathChangeChangedEventListener : Restarting due to 1 class path change (0 additions, 0 deletions, 1 modification)
2023-12-27T01:57:16.460+05:30  INFO 2288 --- [Thread-5] j.LocalContainerEntityManagerFactoryBean : Closing JPA EntityManagerFactory for persistence unit 'default'
2023-12-27T01:57:16.535+05:30  INFO 2288 --- [Thread-5] com.zaxxer.hikari.HikariDataSource       : HikariPool-1 - Shutdown initiated...
2023-12-27T01:57:16.633+05:30  INFO 2288 --- [Thread-5] com.zaxxer.hikari.HikariDataSource       : HikariPool-1 - Shutdown completed.
2023-12-27T01:57:17.478+05:30  INFO 2288 --- [restartedMain] com.dhanush.CollegeAppApplication        : Starting CollegeAppApplication using Java 17.0.7 with PID 2288 (D:\newtglobal\newtglobal_courses\Springboot\CollegeApp\target\classes started by Dhanush in D:\newtglobal\newtglobal_courses\Springboot\CollegeApp)
2023-12-27T01:57:17.479+05:30  INFO 2288 --- [restartedMain] com.dhanush.CollegeAppApplication        : No active profile set, falling back to 1 default profile: "default"
2023-12-27T01:57:17.798+05:30  INFO 2288 --- [restartedMain] .s.d.r.c.RepositoryConfigurationDelegate : Bootstrapping Spring Data JPA repositories in DEFAULT mode.
2023-12-27T01:57:17.809+05:30  INFO 2288 --- [restartedMain] .s.d.r.c.RepositoryConfigurationDelegate : Finished Spring Data repository scanning in 10 ms. Found 1 JPA repository interface.
2023-12-27T01:57:18.016+05:30  INFO 2288 --- [restartedMain] o.s.b.w.embedded.tomcat.TomcatWebServer  : Tomcat initialized with port 8080 (http)
2023-12-27T01:57:18.017+05:30  INFO 2288 --- [restartedMain] o.apache.catalina.core.StandardService   : Starting service [Tomcat]
2023-12-27T01:57:18.019+05:30  INFO 2288 --- [restartedMain] o.apache.catalina.core.StandardEngine    : Starting Servlet engine: [Apache Tomcat/10.1.17]
2023-12-27T01:57:18.040+05:30  INFO 2288 --- [restartedMain] o.a.c.c.C.[Tomcat].[localhost].[/]       : Initializing Spring embedded WebApplicationContext
2023-12-27T01:57:18.040+05:30  INFO 2288 --- [restartedMain] w.s.c.ServletWebServerApplicationContext : Root WebApplicationContext: initialization completed in 557 ms
2023-12-27T01:57:18.087+05:30  INFO 2288 --- [restartedMain] o.hibernate.jpa.internal.util.LogHelper  : HHH000204: Processing PersistenceUnitInfo [name: default]
2023-12-27T01:57:18.089+05:30  INFO 2288 --- [restartedMain] o.h.c.internal.RegionFactoryInitiator    : HHH000026: Second-level cache disabled
2023-12-27T01:57:18.093+05:30  INFO 2288 --- [restartedMain] o.s.o.j.p.SpringPersistenceUnitInfo      : No LoadTimeWeaver setup: ignoring JPA class transformer
2023-12-27T01:57:18.095+05:30  INFO 2288 --- [restartedMain] com.zaxxer.hikari.HikariDataSource       : HikariPool-2 - Starting...
2023-12-27T01:57:18.157+05:30  INFO 2288 --- [restartedMain] com.zaxxer.hikari.pool.HikariPool        : HikariPool-2 - Added connection com.mysql.cj.jdbc.ConnectionImpl@29122215
2023-12-27T01:57:18.159+05:30  INFO 2288 --- [restartedMain] com.zaxxer.hikari.HikariDataSource       : HikariPool-2 - Start completed.
2023-12-27T01:57:18.209+05:30  INFO 2288 --- [restartedMain] o.h.e.t.j.p.i.JtaPlatformInitiator       : HHH000489: No JTA platform available (set 'hibernate.transaction.jta.platform' to enable JTA platform integration)
2023-12-27T01:57:18.257+05:30  INFO 2288 --- [restartedMain] j.LocalContainerEntityManagerFactoryBean : Initialized JPA EntityManagerFactory for persistence unit 'default'
2023-12-27T01:57:18.399+05:30  WARN 2288 --- [restartedMain] JpaBaseConfiguration$JpaWebConfiguration : spring.jpa.open-in-view is enabled by default. Therefore, database queries may be performed during view rendering. Explicitly configure spring.jpa.open-in-view to disable this warning
2023-12-27T01:57:19.045+05:30  INFO 2288 --- [restartedMain] o.s.b.d.a.OptionalLiveReloadServer       : LiveReload server is running on port 35729
2023-12-27T01:57:19.062+05:30  INFO 2288 --- [restartedMain] o.s.b.w.embedded.tomcat.TomcatWebServer  : Tomcat started on port 8080 (http) with context path ''
2023-12-27T01:57:19.074+05:30  INFO 2288 --- [restartedMain] com.dhanush.CollegeAppApplication        : Started CollegeAppApplication in 1.627 seconds (process running for 235.786)
2023-12-27T01:57:19.077+05:30  INFO 2288 --- [restartedMain] .ConditionEvaluationDeltaLoggingListener : Condition evaluation unchanged
2023-12-27T01:57:53.864+05:30  INFO 2288 --- [http-nio-8080-exec-1] o.a.c.c.C.[Tomcat].[localhost].[/]       : Initializing Spring DispatcherServlet 'dispatcherServlet'
2023-12-27T01:57:53.865+05:30  INFO 2288 --- [http-nio-8080-exec-1] o.s.web.servlet.DispatcherServlet        : Initializing Servlet 'dispatcherServlet'
2023-12-27T01:57:53.868+05:30  INFO 2288 --- [http-nio-8080-exec-1] o.s.web.servlet.DispatcherServlet        : Completed initialization in 3 ms
2023-12-27T01:58:50.157+05:30  INFO 2288 --- [File Watcher] rtingClassPathChangeChangedEventListener : Restarting due to 1 class path change (0 additions, 0 deletions, 1 modification)
2023-12-27T01:58:50.241+05:30  INFO 2288 --- [Thread-7] j.LocalContainerEntityManagerFactoryBean : Closing JPA EntityManagerFactory for persistence unit 'default'
2023-12-27T01:58:50.265+05:30  INFO 2288 --- [Thread-7] com.zaxxer.hikari.HikariDataSource       : HikariPool-2 - Shutdown initiated...
2023-12-27T01:58:50.339+05:30  INFO 2288 --- [Thread-7] com.zaxxer.hikari.HikariDataSource       : HikariPool-2 - Shutdown completed.
2023-12-27T01:58:51.631+05:30  INFO 2288 --- [restartedMain] com.dhanush.CollegeAppApplication        : Starting CollegeAppApplication using Java 17.0.7 with PID 2288 (D:\newtglobal\newtglobal_courses\Springboot\CollegeApp\target\classes started by Dhanush in D:\newtglobal\newtglobal_courses\Springboot\CollegeApp)
2023-12-27T01:58:51.633+05:30  INFO 2288 --- [restartedMain] com.dhanush.CollegeAppApplication        : No active profile set, falling back to 1 default profile: "default"
2023-12-27T01:58:52.428+05:30  INFO 2288 --- [restartedMain] .s.d.r.c.RepositoryConfigurationDelegate : Bootstrapping Spring Data JPA repositories in DEFAULT mode.
2023-12-27T01:58:52.438+05:30  INFO 2288 --- [restartedMain] .s.d.r.c.RepositoryConfigurationDelegate : Finished Spring Data repository scanning in 8 ms. Found 1 JPA repository interface.
2023-12-27T01:58:52.588+05:30  INFO 2288 --- [restartedMain] o.s.b.w.embedded.tomcat.TomcatWebServer  : Tomcat initialized with port 8080 (http)
2023-12-27T01:58:52.591+05:30  INFO 2288 --- [restartedMain] o.apache.catalina.core.StandardService   : Starting service [Tomcat]
2023-12-27T01:58:52.591+05:30  INFO 2288 --- [restartedMain] o.apache.catalina.core.StandardEngine    : Starting Servlet engine: [Apache Tomcat/10.1.17]
2023-12-27T01:58:52.620+05:30  INFO 2288 --- [restartedMain] o.a.c.c.C.[Tomcat].[localhost].[/]       : Initializing Spring embedded WebApplicationContext
2023-12-27T01:58:52.620+05:30  INFO 2288 --- [restartedMain] w.s.c.ServletWebServerApplicationContext : Root WebApplicationContext: initialization completed in 975 ms
2023-12-27T01:58:52.678+05:30  INFO 2288 --- [restartedMain] o.hibernate.jpa.internal.util.LogHelper  : HHH000204: Processing PersistenceUnitInfo [name: default]
2023-12-27T01:58:52.683+05:30  INFO 2288 --- [restartedMain] o.h.c.internal.RegionFactoryInitiator    : HHH000026: Second-level cache disabled
2023-12-27T01:58:52.689+05:30  INFO 2288 --- [restartedMain] o.s.o.j.p.SpringPersistenceUnitInfo      : No LoadTimeWeaver setup: ignoring JPA class transformer
2023-12-27T01:58:52.691+05:30  INFO 2288 --- [restartedMain] com.zaxxer.hikari.HikariDataSource       : HikariPool-3 - Starting...
2023-12-27T01:58:52.722+05:30  INFO 2288 --- [restartedMain] com.zaxxer.hikari.pool.HikariPool        : HikariPool-3 - Added connection com.mysql.cj.jdbc.ConnectionImpl@4ef98b48
2023-12-27T01:58:52.722+05:30  INFO 2288 --- [restartedMain] com.zaxxer.hikari.HikariDataSource       : HikariPool-3 - Start completed.
2023-12-27T01:58:52.755+05:30  INFO 2288 --- [restartedMain] o.h.e.t.j.p.i.JtaPlatformInitiator       : HHH000489: No JTA platform available (set 'hibernate.transaction.jta.platform' to enable JTA platform integration)
2023-12-27T01:58:52.787+05:30  INFO 2288 --- [restartedMain] j.LocalContainerEntityManagerFactoryBean : Initialized JPA EntityManagerFactory for persistence unit 'default'
2023-12-27T01:58:52.886+05:30  WARN 2288 --- [restartedMain] JpaBaseConfiguration$JpaWebConfiguration : spring.jpa.open-in-view is enabled by default. Therefore, database queries may be performed during view rendering. Explicitly configure spring.jpa.open-in-view to disable this warning
2023-12-27T01:58:53.480+05:30  INFO 2288 --- [restartedMain] o.s.b.d.a.OptionalLiveReloadServer       : LiveReload server is running on port 35729
2023-12-27T01:58:53.504+05:30  INFO 2288 --- [restartedMain] o.s.b.w.embedded.tomcat.TomcatWebServer  : Tomcat started on port 8080 (http) with context path ''
2023-12-27T01:58:53.522+05:30  INFO 2288 --- [restartedMain] com.dhanush.CollegeAppApplication        : Started CollegeAppApplication in 2.574 seconds (process running for 330.234)
2023-12-27T01:58:53.530+05:30  INFO 2288 --- [restartedMain] .ConditionEvaluationDeltaLoggingListener : Condition evaluation unchanged
2023-12-27T01:58:56.951+05:30  INFO 2288 --- [File Watcher] rtingClassPathChangeChangedEventListener : Restarting due to 1 class path change (0 additions, 0 deletions, 1 modification)
2023-12-27T01:58:56.987+05:30  INFO 2288 --- [Thread-11] j.LocalContainerEntityManagerFactoryBean : Closing JPA EntityManagerFactory for persistence unit 'default'
2023-12-27T01:58:56.990+05:30  INFO 2288 --- [Thread-11] com.zaxxer.hikari.HikariDataSource       : HikariPool-3 - Shutdown initiated...
2023-12-27T01:58:57.001+05:30  INFO 2288 --- [Thread-11] com.zaxxer.hikari.HikariDataSource       : HikariPool-3 - Shutdown completed.
2023-12-27T01:58:57.091+05:30  INFO 2288 --- [restartedMain] com.dhanush.CollegeAppApplication        : Starting CollegeAppApplication using Java 17.0.7 with PID 2288 (D:\newtglobal\newtglobal_courses\Springboot\CollegeApp\target\classes started by Dhanush in D:\newtglobal\newtglobal_courses\Springboot\CollegeApp)
2023-12-27T01:58:57.092+05:30  INFO 2288 --- [restartedMain] com.dhanush.CollegeAppApplication        : No active profile set, falling back to 1 default profile: "default"
2023-12-27T01:58:57.266+05:30  INFO 2288 --- [restartedMain] .s.d.r.c.RepositoryConfigurationDelegate : Bootstrapping Spring Data JPA repositories in DEFAULT mode.
2023-12-27T01:58:57.276+05:30  INFO 2288 --- [restartedMain] .s.d.r.c.RepositoryConfigurationDelegate : Finished Spring Data repository scanning in 9 ms. Found 1 JPA repository interface.
2023-12-27T01:58:57.382+05:30  INFO 2288 --- [restartedMain] o.s.b.w.embedded.tomcat.TomcatWebServer  : Tomcat initialized with port 8080 (http)
2023-12-27T01:58:57.382+05:30  INFO 2288 --- [restartedMain] o.apache.catalina.core.StandardService   : Starting service [Tomcat]
2023-12-27T01:58:57.383+05:30  INFO 2288 --- [restartedMain] o.apache.catalina.core.StandardEngine    : Starting Servlet engine: [Apache Tomcat/10.1.17]
2023-12-27T01:58:57.403+05:30  INFO 2288 --- [restartedMain] o.a.c.c.C.[Tomcat].[localhost].[/]       : Initializing Spring embedded WebApplicationContext
2023-12-27T01:58:57.405+05:30  INFO 2288 --- [restartedMain] w.s.c.ServletWebServerApplicationContext : Root WebApplicationContext: initialization completed in 311 ms
2023-12-27T01:58:57.442+05:30  INFO 2288 --- [restartedMain] o.hibernate.jpa.internal.util.LogHelper  : HHH000204: Processing PersistenceUnitInfo [name: default]
2023-12-27T01:58:57.445+05:30  INFO 2288 --- [restartedMain] o.h.c.internal.RegionFactoryInitiator    : HHH000026: Second-level cache disabled
2023-12-27T01:58:57.451+05:30  INFO 2288 --- [restartedMain] o.s.o.j.p.SpringPersistenceUnitInfo      : No LoadTimeWeaver setup: ignoring JPA class transformer
2023-12-27T01:58:57.452+05:30  INFO 2288 --- [restartedMain] com.zaxxer.hikari.HikariDataSource       : HikariPool-4 - Starting...
2023-12-27T01:58:57.470+05:30  INFO 2288 --- [restartedMain] com.zaxxer.hikari.pool.HikariPool        : HikariPool-4 - Added connection com.mysql.cj.jdbc.ConnectionImpl@7022ffa1
2023-12-27T01:58:57.470+05:30  INFO 2288 --- [restartedMain] com.zaxxer.hikari.HikariDataSource       : HikariPool-4 - Start completed.
2023-12-27T01:58:57.497+05:30  INFO 2288 --- [restartedMain] o.h.e.t.j.p.i.JtaPlatformInitiator       : HHH000489: No JTA platform available (set 'hibernate.transaction.jta.platform' to enable JTA platform integration)
2023-12-27T01:58:57.515+05:30  INFO 2288 --- [restartedMain] j.LocalContainerEntityManagerFactoryBean : Initialized JPA EntityManagerFactory for persistence unit 'default'
2023-12-27T01:58:57.585+05:30  WARN 2288 --- [restartedMain] JpaBaseConfiguration$JpaWebConfiguration : spring.jpa.open-in-view is enabled by default. Therefore, database queries may be performed during view rendering. Explicitly configure spring.jpa.open-in-view to disable this warning
2023-12-27T01:58:58.313+05:30  INFO 2288 --- [restartedMain] o.s.b.d.a.OptionalLiveReloadServer       : LiveReload server is running on port 35729
2023-12-27T01:58:58.341+05:30  INFO 2288 --- [restartedMain] o.s.b.w.embedded.tomcat.TomcatWebServer  : Tomcat started on port 8080 (http) with context path ''
2023-12-27T01:58:58.350+05:30  INFO 2288 --- [restartedMain] com.dhanush.CollegeAppApplication        : Started CollegeAppApplication in 1.293 seconds (process running for 335.063)
2023-12-27T01:58:58.353+05:30  INFO 2288 --- [restartedMain] .ConditionEvaluationDeltaLoggingListener : Condition evaluation unchanged
2023-12-27T01:59:01.079+05:30  INFO 2288 --- [http-nio-8080-exec-2] o.a.c.c.C.[Tomcat].[localhost].[/]       : Initializing Spring DispatcherServlet 'dispatcherServlet'
2023-12-27T01:59:01.081+05:30  INFO 2288 --- [http-nio-8080-exec-2] o.s.web.servlet.DispatcherServlet        : Initializing Servlet 'dispatcherServlet'
2023-12-27T01:59:01.083+05:30  INFO 2288 --- [http-nio-8080-exec-2] o.s.web.servlet.DispatcherServlet        : Completed initialization in 2 ms
2023-12-27T02:03:55.841+05:30  INFO 2288 --- [File Watcher] rtingClassPathChangeChangedEventListener : Restarting due to 1 class path change (0 additions, 0 deletions, 1 modification)
2023-12-27T02:03:56.451+05:30  INFO 2288 --- [Thread-15] j.LocalContainerEntityManagerFactoryBean : Closing JPA EntityManagerFactory for persistence unit 'default'
2023-12-27T02:03:56.603+05:30  INFO 2288 --- [Thread-15] com.zaxxer.hikari.HikariDataSource       : HikariPool-4 - Shutdown initiated...
2023-12-27T02:03:56.740+05:30  INFO 2288 --- [Thread-15] com.zaxxer.hikari.HikariDataSource       : HikariPool-4 - Shutdown completed.
2023-12-27T02:03:57.686+05:30  INFO 2288 --- [restartedMain] com.dhanush.CollegeAppApplication        : Starting CollegeAppApplication using Java 17.0.7 with PID 2288 (D:\newtglobal\newtglobal_courses\Springboot\CollegeApp\target\classes started by Dhanush in D:\newtglobal\newtglobal_courses\Springboot\CollegeApp)
2023-12-27T02:03:57.687+05:30  INFO 2288 --- [restartedMain] com.dhanush.CollegeAppApplication        : No active profile set, falling back to 1 default profile: "default"
2023-12-27T02:03:58.147+05:30  INFO 2288 --- [restartedMain] .s.d.r.c.RepositoryConfigurationDelegate : Bootstrapping Spring Data JPA repositories in DEFAULT mode.
2023-12-27T02:03:58.161+05:30  INFO 2288 --- [restartedMain] .s.d.r.c.RepositoryConfigurationDelegate : Finished Spring Data repository scanning in 13 ms. Found 1 JPA repository interface.
2023-12-27T02:03:58.347+05:30  INFO 2288 --- [restartedMain] o.s.b.w.embedded.tomcat.TomcatWebServer  : Tomcat initialized with port 8080 (http)
2023-12-27T02:03:58.349+05:30  INFO 2288 --- [restartedMain] o.apache.catalina.core.StandardService   : Starting service [Tomcat]
2023-12-27T02:03:58.350+05:30  INFO 2288 --- [restartedMain] o.apache.catalina.core.StandardEngine    : Starting Servlet engine: [Apache Tomcat/10.1.17]
2023-12-27T02:03:58.385+05:30  INFO 2288 --- [restartedMain] o.a.c.c.C.[Tomcat].[localhost].[/]       : Initializing Spring embedded WebApplicationContext
2023-12-27T02:03:58.385+05:30  INFO 2288 --- [restartedMain] w.s.c.ServletWebServerApplicationContext : Root WebApplicationContext: initialization completed in 694 ms
2023-12-27T02:03:58.472+05:30  INFO 2288 --- [restartedMain] o.hibernate.jpa.internal.util.LogHelper  : HHH000204: Processing PersistenceUnitInfo [name: default]
2023-12-27T02:03:58.481+05:30  INFO 2288 --- [restartedMain] o.h.c.internal.RegionFactoryInitiator    : HHH000026: Second-level cache disabled
2023-12-27T02:03:58.502+05:30  INFO 2288 --- [restartedMain] o.s.o.j.p.SpringPersistenceUnitInfo      : No LoadTimeWeaver setup: ignoring JPA class transformer
2023-12-27T02:03:58.506+05:30  INFO 2288 --- [restartedMain] com.zaxxer.hikari.HikariDataSource       : HikariPool-5 - Starting...
2023-12-27T02:03:58.722+05:30  INFO 2288 --- [restartedMain] com.zaxxer.hikari.pool.HikariPool        : HikariPool-5 - Added connection com.mysql.cj.jdbc.ConnectionImpl@7722c6b
2023-12-27T02:03:58.722+05:30  INFO 2288 --- [restartedMain] com.zaxxer.hikari.HikariDataSource       : HikariPool-5 - Start completed.
2023-12-27T02:03:58.790+05:30  INFO 2288 --- [restartedMain] o.h.e.t.j.p.i.JtaPlatformInitiator       : HHH000489: No JTA platform available (set 'hibernate.transaction.jta.platform' to enable JTA platform integration)
2023-12-27T02:03:58.909+05:30  INFO 2288 --- [restartedMain] j.LocalContainerEntityManagerFactoryBean : Initialized JPA EntityManagerFactory for persistence unit 'default'
2023-12-27T02:03:59.137+05:30  WARN 2288 --- [restartedMain] JpaBaseConfiguration$JpaWebConfiguration : spring.jpa.open-in-view is enabled by default. Therefore, database queries may be performed during view rendering. Explicitly configure spring.jpa.open-in-view to disable this warning
2023-12-27T02:03:59.788+05:30  INFO 2288 --- [restartedMain] o.s.b.d.a.OptionalLiveReloadServer       : LiveReload server is running on port 35729
2023-12-27T02:03:59.811+05:30  INFO 2288 --- [restartedMain] o.s.b.w.embedded.tomcat.TomcatWebServer  : Tomcat started on port 8080 (http) with context path ''
2023-12-27T02:03:59.824+05:30  INFO 2288 --- [restartedMain] com.dhanush.CollegeAppApplication        : Started CollegeAppApplication in 2.197 seconds (process running for 636.537)
2023-12-27T02:03:59.828+05:30  INFO 2288 --- [restartedMain] .ConditionEvaluationDeltaLoggingListener : Condition evaluation unchanged
2023-12-27T02:04:09.983+05:30  INFO 2288 --- [http-nio-8080-exec-2] o.a.c.c.C.[Tomcat].[localhost].[/]       : Initializing Spring DispatcherServlet 'dispatcherServlet'
2023-12-27T02:04:09.987+05:30  INFO 2288 --- [http-nio-8080-exec-2] o.s.web.servlet.DispatcherServlet        : Initializing Servlet 'dispatcherServlet'
2023-12-27T02:04:09.990+05:30  INFO 2288 --- [http-nio-8080-exec-2] o.s.web.servlet.DispatcherServlet        : Completed initialization in 3 ms
2023-12-27T02:05:15.820+05:30  INFO 2288 --- [File Watcher] rtingClassPathChangeChangedEventListener : Restarting due to 1 class path change (0 additions, 0 deletions, 1 modification)
2023-12-27T02:05:15.916+05:30  INFO 2288 --- [Thread-19] j.LocalContainerEntityManagerFactoryBean : Closing JPA EntityManagerFactory for persistence unit 'default'
2023-12-27T02:05:15.931+05:30  INFO 2288 --- [Thread-19] com.zaxxer.hikari.HikariDataSource       : HikariPool-5 - Shutdown initiated...
2023-12-27T02:05:15.961+05:30  INFO 2288 --- [Thread-19] com.zaxxer.hikari.HikariDataSource       : HikariPool-5 - Shutdown completed.
2023-12-27T02:05:16.167+05:30  INFO 2288 --- [restartedMain] com.dhanush.CollegeAppApplication        : Starting CollegeAppApplication using Java 17.0.7 with PID 2288 (D:\newtglobal\newtglobal_courses\Springboot\CollegeApp\target\classes started by Dhanush in D:\newtglobal\newtglobal_courses\Springboot\CollegeApp)
2023-12-27T02:05:16.168+05:30  INFO 2288 --- [restartedMain] com.dhanush.CollegeAppApplication        : No active profile set, falling back to 1 default profile: "default"
2023-12-27T02:05:16.523+05:30  INFO 2288 --- [restartedMain] .s.d.r.c.RepositoryConfigurationDelegate : Bootstrapping Spring Data JPA repositories in DEFAULT mode.
2023-12-27T02:05:16.536+05:30  INFO 2288 --- [restartedMain] .s.d.r.c.RepositoryConfigurationDelegate : Finished Spring Data repository scanning in 11 ms. Found 1 JPA repository interface.
2023-12-27T02:05:16.752+05:30  INFO 2288 --- [restartedMain] o.s.b.w.embedded.tomcat.TomcatWebServer  : Tomcat initialized with port 8080 (http)
2023-12-27T02:05:16.754+05:30  INFO 2288 --- [restartedMain] o.apache.catalina.core.StandardService   : Starting service [Tomcat]
2023-12-27T02:05:16.754+05:30  INFO 2288 --- [restartedMain] o.apache.catalina.core.StandardEngine    : Starting Servlet engine: [Apache Tomcat/10.1.17]
2023-12-27T02:05:16.776+05:30  INFO 2288 --- [restartedMain] o.a.c.c.C.[Tomcat].[localhost].[/]       : Initializing Spring embedded WebApplicationContext
2023-12-27T02:05:16.776+05:30  INFO 2288 --- [restartedMain] w.s.c.ServletWebServerApplicationContext : Root WebApplicationContext: initialization completed in 604 ms
2023-12-27T02:05:16.826+05:30  INFO 2288 --- [restartedMain] o.hibernate.jpa.internal.util.LogHelper  : HHH000204: Processing PersistenceUnitInfo [name: default]
2023-12-27T02:05:16.831+05:30  INFO 2288 --- [restartedMain] o.h.c.internal.RegionFactoryInitiator    : HHH000026: Second-level cache disabled
2023-12-27T02:05:16.837+05:30  INFO 2288 --- [restartedMain] o.s.o.j.p.SpringPersistenceUnitInfo      : No LoadTimeWeaver setup: ignoring JPA class transformer
2023-12-27T02:05:16.839+05:30  INFO 2288 --- [restartedMain] com.zaxxer.hikari.HikariDataSource       : HikariPool-6 - Starting...
2023-12-27T02:05:16.875+05:30  INFO 2288 --- [restartedMain] com.zaxxer.hikari.pool.HikariPool        : HikariPool-6 - Added connection com.mysql.cj.jdbc.ConnectionImpl@7424b689
2023-12-27T02:05:16.875+05:30  INFO 2288 --- [restartedMain] com.zaxxer.hikari.HikariDataSource       : HikariPool-6 - Start completed.
2023-12-27T02:05:16.932+05:30  INFO 2288 --- [restartedMain] o.h.e.t.j.p.i.JtaPlatformInitiator       : HHH000489: No JTA platform available (set 'hibernate.transaction.jta.platform' to enable JTA platform integration)
2023-12-27T02:05:16.965+05:30  INFO 2288 --- [restartedMain] j.LocalContainerEntityManagerFactoryBean : Initialized JPA EntityManagerFactory for persistence unit 'default'
2023-12-27T02:05:17.099+05:30  WARN 2288 --- [restartedMain] JpaBaseConfiguration$JpaWebConfiguration : spring.jpa.open-in-view is enabled by default. Therefore, database queries may be performed during view rendering. Explicitly configure spring.jpa.open-in-view to disable this warning
2023-12-27T02:05:17.908+05:30  INFO 2288 --- [restartedMain] o.s.b.d.a.OptionalLiveReloadServer       : LiveReload server is running on port 35729
2023-12-27T02:05:17.940+05:30  INFO 2288 --- [restartedMain] o.s.b.w.embedded.tomcat.TomcatWebServer  : Tomcat started on port 8080 (http) with context path ''
2023-12-27T02:05:17.979+05:30  INFO 2288 --- [restartedMain] com.dhanush.CollegeAppApplication        : Started CollegeAppApplication in 1.838 seconds (process running for 714.692)
2023-12-27T02:05:17.986+05:30  INFO 2288 --- [restartedMain] .ConditionEvaluationDeltaLoggingListener : Condition evaluation unchanged
2023-12-27T02:05:28.495+05:30  INFO 2288 --- [http-nio-8080-exec-2] o.a.c.c.C.[Tomcat].[localhost].[/]       : Initializing Spring DispatcherServlet 'dispatcherServlet'
2023-12-27T02:05:28.495+05:30  INFO 2288 --- [http-nio-8080-exec-2] o.s.web.servlet.DispatcherServlet        : Initializing Servlet 'dispatcherServlet'
2023-12-27T02:05:28.498+05:30  INFO 2288 --- [http-nio-8080-exec-2] o.s.web.servlet.DispatcherServlet        : Completed initialization in 3 ms
2023-12-27T02:07:10.028+05:30  INFO 2288 --- [File Watcher] rtingClassPathChangeChangedEventListener : Restarting due to 1 class path change (0 additions, 0 deletions, 1 modification)
2023-12-27T02:07:10.778+05:30  INFO 2288 --- [Thread-23] j.LocalContainerEntityManagerFactoryBean : Closing JPA EntityManagerFactory for persistence unit 'default'
2023-12-27T02:07:10.828+05:30  INFO 2288 --- [Thread-23] com.zaxxer.hikari.HikariDataSource       : HikariPool-6 - Shutdown initiated...
2023-12-27T02:07:10.906+05:30  INFO 2288 --- [Thread-23] com.zaxxer.hikari.HikariDataSource       : HikariPool-6 - Shutdown completed.
2023-12-27T02:07:11.543+05:30  INFO 2288 --- [restartedMain] com.dhanush.CollegeAppApplication        : Starting CollegeAppApplication using Java 17.0.7 with PID 2288 (D:\newtglobal\newtglobal_courses\Springboot\CollegeApp\target\classes started by Dhanush in D:\newtglobal\newtglobal_courses\Springboot\CollegeApp)
2023-12-27T02:07:11.543+05:30  INFO 2288 --- [restartedMain] com.dhanush.CollegeAppApplication        : No active profile set, falling back to 1 default profile: "default"
2023-12-27T02:07:12.054+05:30  INFO 2288 --- [restartedMain] .s.d.r.c.RepositoryConfigurationDelegate : Bootstrapping Spring Data JPA repositories in DEFAULT mode.
2023-12-27T02:07:12.079+05:30  INFO 2288 --- [restartedMain] .s.d.r.c.RepositoryConfigurationDelegate : Finished Spring Data repository scanning in 24 ms. Found 1 JPA repository interface.
2023-12-27T02:07:12.280+05:30  INFO 2288 --- [restartedMain] o.s.b.w.embedded.tomcat.TomcatWebServer  : Tomcat initialized with port 8080 (http)
2023-12-27T02:07:12.281+05:30  INFO 2288 --- [restartedMain] o.apache.catalina.core.StandardService   : Starting service [Tomcat]
2023-12-27T02:07:12.282+05:30  INFO 2288 --- [restartedMain] o.apache.catalina.core.StandardEngine    : Starting Servlet engine: [Apache Tomcat/10.1.17]
2023-12-27T02:07:12.308+05:30  INFO 2288 --- [restartedMain] o.a.c.c.C.[Tomcat].[localhost].[/]       : Initializing Spring embedded WebApplicationContext
2023-12-27T02:07:12.456+05:30  INFO 2288 --- [restartedMain] w.s.c.ServletWebServerApplicationContext : Root WebApplicationContext: initialization completed in 910 ms
2023-12-27T02:07:12.502+05:30  INFO 2288 --- [restartedMain] o.hibernate.jpa.internal.util.LogHelper  : HHH000204: Processing PersistenceUnitInfo [name: default]
2023-12-27T02:07:12.506+05:30  INFO 2288 --- [restartedMain] o.h.c.internal.RegionFactoryInitiator    : HHH000026: Second-level cache disabled
2023-12-27T02:07:12.513+05:30  INFO 2288 --- [restartedMain] o.s.o.j.p.SpringPersistenceUnitInfo      : No LoadTimeWeaver setup: ignoring JPA class transformer
2023-12-27T02:07:12.514+05:30  INFO 2288 --- [restartedMain] com.zaxxer.hikari.HikariDataSource       : HikariPool-7 - Starting...
2023-12-27T02:07:12.612+05:30  INFO 2288 --- [restartedMain] com.zaxxer.hikari.pool.HikariPool        : HikariPool-7 - Added connection com.mysql.cj.jdbc.ConnectionImpl@6bb64445
2023-12-27T02:07:12.613+05:30  INFO 2288 --- [restartedMain] com.zaxxer.hikari.HikariDataSource       : HikariPool-7 - Start completed.
2023-12-27T02:07:12.648+05:30  INFO 2288 --- [restartedMain] o.h.e.t.j.p.i.JtaPlatformInitiator       : HHH000489: No JTA platform available (set 'hibernate.transaction.jta.platform' to enable JTA platform integration)
2023-12-27T02:07:12.750+05:30  INFO 2288 --- [restartedMain] j.LocalContainerEntityManagerFactoryBean : Initialized JPA EntityManagerFactory for persistence unit 'default'
2023-12-27T02:07:12.911+05:30  WARN 2288 --- [restartedMain] JpaBaseConfiguration$JpaWebConfiguration : spring.jpa.open-in-view is enabled by default. Therefore, database queries may be performed during view rendering. Explicitly configure spring.jpa.open-in-view to disable this warning
2023-12-27T02:07:13.638+05:30  INFO 2288 --- [restartedMain] o.s.b.d.a.OptionalLiveReloadServer       : LiveReload server is running on port 35729
2023-12-27T02:07:13.654+05:30  INFO 2288 --- [restartedMain] o.s.b.w.embedded.tomcat.TomcatWebServer  : Tomcat started on port 8080 (http) with context path ''
2023-12-27T02:07:13.686+05:30  INFO 2288 --- [restartedMain] com.dhanush.CollegeAppApplication        : Started CollegeAppApplication in 2.255 seconds (process running for 830.398)
2023-12-27T02:07:13.689+05:30  INFO 2288 --- [restartedMain] .ConditionEvaluationDeltaLoggingListener : Condition evaluation unchanged
2023-12-27T02:07:18.682+05:30  INFO 2288 --- [http-nio-8080-exec-3] o.a.c.c.C.[Tomcat].[localhost].[/]       : Initializing Spring DispatcherServlet 'dispatcherServlet'
2023-12-27T02:07:18.682+05:30  INFO 2288 --- [http-nio-8080-exec-3] o.s.web.servlet.DispatcherServlet        : Initializing Servlet 'dispatcherServlet'
2023-12-27T02:07:18.688+05:30  INFO 2288 --- [http-nio-8080-exec-3] o.s.web.servlet.DispatcherServlet        : Completed initialization in 6 ms
2023-12-27T02:10:07.438+05:30  INFO 2288 --- [File Watcher] rtingClassPathChangeChangedEventListener : Restarting due to 1 class path change (0 additions, 0 deletions, 1 modification)
2023-12-27T02:10:08.182+05:30  INFO 2288 --- [Thread-27] j.LocalContainerEntityManagerFactoryBean : Closing JPA EntityManagerFactory for persistence unit 'default'
2023-12-27T02:10:08.270+05:30  INFO 2288 --- [Thread-27] com.zaxxer.hikari.HikariDataSource       : HikariPool-7 - Shutdown initiated...
2023-12-27T02:10:08.434+05:30  INFO 2288 --- [Thread-27] com.zaxxer.hikari.HikariDataSource       : HikariPool-7 - Shutdown completed.
2023-12-27T02:10:09.483+05:30  INFO 2288 --- [restartedMain] com.dhanush.CollegeAppApplication        : Starting CollegeAppApplication using Java 17.0.7 with PID 2288 (D:\newtglobal\newtglobal_courses\Springboot\CollegeApp\target\classes started by Dhanush in D:\newtglobal\newtglobal_courses\Springboot\CollegeApp)
2023-12-27T02:10:09.483+05:30  INFO 2288 --- [restartedMain] com.dhanush.CollegeAppApplication        : No active profile set, falling back to 1 default profile: "default"
2023-12-27T02:10:12.056+05:30  INFO 2288 --- [restartedMain] .s.d.r.c.RepositoryConfigurationDelegate : Bootstrapping Spring Data JPA repositories in DEFAULT mode.
2023-12-27T02:10:12.439+05:30  INFO 2288 --- [restartedMain] .s.d.r.c.RepositoryConfigurationDelegate : Finished Spring Data repository scanning in 189 ms. Found 1 JPA repository interface.
2023-12-27T02:10:13.279+05:30  INFO 2288 --- [restartedMain] o.s.b.w.embedded.tomcat.TomcatWebServer  : Tomcat initialized with port 8080 (http)
2023-12-27T02:10:13.282+05:30  INFO 2288 --- [restartedMain] o.apache.catalina.core.StandardService   : Starting service [Tomcat]
2023-12-27T02:10:13.282+05:30  INFO 2288 --- [restartedMain] o.apache.catalina.core.StandardEngine    : Starting Servlet engine: [Apache Tomcat/10.1.17]
2023-12-27T02:10:13.351+05:30  INFO 2288 --- [restartedMain] o.a.c.c.C.[Tomcat].[localhost].[/]       : Initializing Spring embedded WebApplicationContext
2023-12-27T02:10:13.352+05:30  INFO 2288 --- [restartedMain] w.s.c.ServletWebServerApplicationContext : Root WebApplicationContext: initialization completed in 3865 ms
2023-12-27T02:10:13.485+05:30  INFO 2288 --- [restartedMain] o.hibernate.jpa.internal.util.LogHelper  : HHH000204: Processing PersistenceUnitInfo [name: default]
2023-12-27T02:10:13.498+05:30  INFO 2288 --- [restartedMain] o.h.c.internal.RegionFactoryInitiator    : HHH000026: Second-level cache disabled
2023-12-27T02:10:13.511+05:30  INFO 2288 --- [restartedMain] o.s.o.j.p.SpringPersistenceUnitInfo      : No LoadTimeWeaver setup: ignoring JPA class transformer
2023-12-27T02:10:13.514+05:30  INFO 2288 --- [restartedMain] com.zaxxer.hikari.HikariDataSource       : HikariPool-8 - Starting...
2023-12-27T02:10:13.590+05:30  INFO 2288 --- [restartedMain] com.zaxxer.hikari.pool.HikariPool        : HikariPool-8 - Added connection com.mysql.cj.jdbc.ConnectionImpl@5ac5e17d
2023-12-27T02:10:13.591+05:30  INFO 2288 --- [restartedMain] com.zaxxer.hikari.HikariDataSource       : HikariPool-8 - Start completed.
2023-12-27T02:10:13.740+05:30  INFO 2288 --- [restartedMain] o.h.e.t.j.p.i.JtaPlatformInitiator       : HHH000489: No JTA platform available (set 'hibernate.transaction.jta.platform' to enable JTA platform integration)
2023-12-27T02:10:13.837+05:30  INFO 2288 --- [restartedMain] j.LocalContainerEntityManagerFactoryBean : Initialized JPA EntityManagerFactory for persistence unit 'default'
2023-12-27T02:10:13.865+05:30  WARN 2288 --- [restartedMain] ConfigServletWebServerApplicationContext : Exception encountered during context initialization - cancelling refresh attempt: org.springframework.beans.factory.BeanCreationException: Error creating bean with name 'myController' defined in file [D:\newtglobal\newtglobal_courses\Springboot\CollegeApp\target\classes\com\dhanush\controller\MyController.class]: Failed to instantiate [com.dhanush.controller.MyController]: Constructor threw exception
2023-12-27T02:10:13.865+05:30  INFO 2288 --- [restartedMain] j.LocalContainerEntityManagerFactoryBean : Closing JPA EntityManagerFactory for persistence unit 'default'
2023-12-27T02:10:13.867+05:30  INFO 2288 --- [restartedMain] com.zaxxer.hikari.HikariDataSource       : HikariPool-8 - Shutdown initiated...
2023-12-27T02:10:13.903+05:30  INFO 2288 --- [restartedMain] com.zaxxer.hikari.HikariDataSource       : HikariPool-8 - Shutdown completed.
2023-12-27T02:10:13.904+05:30  INFO 2288 --- [restartedMain] o.apache.catalina.core.StandardService   : Stopping service [Tomcat]
2023-12-27T02:10:13.924+05:30  INFO 2288 --- [restartedMain] .s.b.a.l.ConditionEvaluationReportLogger : 

Error starting ApplicationContext. To display the condition evaluation report re-run your application with 'debug' enabled.
2023-12-27T02:10:13.986+05:30 ERROR 2288 --- [restartedMain] o.s.boot.SpringApplication               : Application run failed

org.springframework.beans.factory.BeanCreationException: Error creating bean with name 'myController' defined in file [D:\newtglobal\newtglobal_courses\Springboot\CollegeApp\target\classes\com\dhanush\controller\MyController.class]: Failed to instantiate [com.dhanush.controller.MyController]: Constructor threw exception
	at org.springframework.beans.factory.support.AbstractAutowireCapableBeanFactory.instantiateBean(AbstractAutowireCapableBeanFactory.java:1316) ~[spring-beans-6.1.2.jar:6.1.2]
	at org.springframework.beans.factory.support.AbstractAutowireCapableBeanFactory.createBeanInstance(AbstractAutowireCapableBeanFactory.java:1201) ~[spring-beans-6.1.2.jar:6.1.2]
	at org.springframework.beans.factory.support.AbstractAutowireCapableBeanFactory.doCreateBean(AbstractAutowireCapableBeanFactory.java:561) ~[spring-beans-6.1.2.jar:6.1.2]
	at org.springframework.beans.factory.support.AbstractAutowireCapableBeanFactory.createBean(AbstractAutowireCapableBeanFactory.java:521) ~[spring-beans-6.1.2.jar:6.1.2]
	at org.springframework.beans.factory.support.AbstractBeanFactory.lambda$doGetBean$0(AbstractBeanFactory.java:325) ~[spring-beans-6.1.2.jar:6.1.2]
	at org.springframework.beans.factory.support.DefaultSingletonBeanRegistry.getSingleton(DefaultSingletonBeanRegistry.java:234) ~[spring-beans-6.1.2.jar:6.1.2]
	at org.springframework.beans.factory.support.AbstractBeanFactory.doGetBean(AbstractBeanFactory.java:323) ~[spring-beans-6.1.2.jar:6.1.2]
	at org.springframework.beans.factory.support.AbstractBeanFactory.getBean(AbstractBeanFactory.java:199) ~[spring-beans-6.1.2.jar:6.1.2]
	at org.springframework.beans.factory.support.DefaultListableBeanFactory.preInstantiateSingletons(DefaultListableBeanFactory.java:975) ~[spring-beans-6.1.2.jar:6.1.2]
	at org.springframework.context.support.AbstractApplicationContext.finishBeanFactoryInitialization(AbstractApplicationContext.java:960) ~[spring-context-6.1.2.jar:6.1.2]
	at org.springframework.context.support.AbstractApplicationContext.refresh(AbstractApplicationContext.java:625) ~[spring-context-6.1.2.jar:6.1.2]
	at org.springframework.boot.web.servlet.context.ServletWebServerApplicationContext.refresh(ServletWebServerApplicationContext.java:146) ~[spring-boot-3.2.1.jar:3.2.1]
	at org.springframework.boot.SpringApplication.refresh(SpringApplication.java:762) ~[spring-boot-3.2.1.jar:3.2.1]
	at org.springframework.boot.SpringApplication.refreshContext(SpringApplication.java:464) ~[spring-boot-3.2.1.jar:3.2.1]
	at org.springframework.boot.SpringApplication.run(SpringApplication.java:334) ~[spring-boot-3.2.1.jar:3.2.1]
	at org.springframework.boot.SpringApplication.run(SpringApplication.java:1358) ~[spring-boot-3.2.1.jar:3.2.1]
	at org.springframework.boot.SpringApplication.run(SpringApplication.java:1347) ~[spring-boot-3.2.1.jar:3.2.1]
	at com.dhanush.CollegeAppApplication.main(CollegeAppApplication.java:10) ~[classes/:na]
	at java.base/jdk.internal.reflect.NativeMethodAccessorImpl.invoke0(Native Method) ~[na:na]
	at java.base/jdk.internal.reflect.NativeMethodAccessorImpl.invoke(NativeMethodAccessorImpl.java:77) ~[na:na]
	at java.base/jdk.internal.reflect.DelegatingMethodAccessorImpl.invoke(DelegatingMethodAccessorImpl.java:43) ~[na:na]
	at java.base/java.lang.reflect.Method.invoke(Method.java:568) ~[na:na]
	at org.springframework.boot.devtools.restart.RestartLauncher.run(RestartLauncher.java:50) ~[spring-boot-devtools-3.2.1.jar:3.2.1]
Caused by: org.springframework.beans.BeanInstantiationException: Failed to instantiate [com.dhanush.controller.MyController]: Constructor threw exception
	at org.springframework.beans.BeanUtils.instantiateClass(BeanUtils.java:223) ~[spring-beans-6.1.2.jar:6.1.2]
	at org.springframework.beans.factory.support.SimpleInstantiationStrategy.instantiate(SimpleInstantiationStrategy.java:88) ~[spring-beans-6.1.2.jar:6.1.2]
	at org.springframework.beans.factory.support.AbstractAutowireCapableBeanFactory.instantiateBean(AbstractAutowireCapableBeanFactory.java:1310) ~[spring-beans-6.1.2.jar:6.1.2]
	... 22 common frames omitted
Caused by: java.lang.Error: Unresolved compilation problem: 
	Syntax error, insert "}" to complete MethodBody

	at com.dhanush.controller.MyController.<init>(MyController.java:21) ~[classes/:na]
	at java.base/jdk.internal.reflect.NativeConstructorAccessorImpl.newInstance0(Native Method) ~[na:na]
	at java.base/jdk.internal.reflect.NativeConstructorAccessorImpl.newInstance(NativeConstructorAccessorImpl.java:77) ~[na:na]
	at java.base/jdk.internal.reflect.DelegatingConstructorAccessorImpl.newInstance(DelegatingConstructorAccessorImpl.java:45) ~[na:na]
	at java.base/java.lang.reflect.Constructor.newInstanceWithCaller(Constructor.java:499) ~[na:na]
	at java.base/java.lang.reflect.Constructor.newInstance(Constructor.java:480) ~[na:na]
	at org.springframework.beans.BeanUtils.instantiateClass(BeanUtils.java:197) ~[spring-beans-6.1.2.jar:6.1.2]
	... 24 common frames omitted

2023-12-27T02:10:19.626+05:30  INFO 2288 --- [restartedMain] com.dhanush.CollegeAppApplication        : Starting CollegeAppApplication using Java 17.0.7 with PID 2288 (D:\newtglobal\newtglobal_courses\Springboot\CollegeApp\target\classes started by Dhanush in D:\newtglobal\newtglobal_courses\Springboot\CollegeApp)
2023-12-27T02:10:19.628+05:30  INFO 2288 --- [restartedMain] com.dhanush.CollegeAppApplication        : No active profile set, falling back to 1 default profile: "default"
2023-12-27T02:10:20.126+05:30  INFO 2288 --- [restartedMain] .s.d.r.c.RepositoryConfigurationDelegate : Bootstrapping Spring Data JPA repositories in DEFAULT mode.
2023-12-27T02:10:20.193+05:30  INFO 2288 --- [restartedMain] .s.d.r.c.RepositoryConfigurationDelegate : Finished Spring Data repository scanning in 17 ms. Found 1 JPA repository interface.
2023-12-27T02:10:20.366+05:30  INFO 2288 --- [restartedMain] o.s.b.w.embedded.tomcat.TomcatWebServer  : Tomcat initialized with port 8080 (http)
2023-12-27T02:10:20.375+05:30  INFO 2288 --- [restartedMain] o.apache.catalina.core.StandardService   : Starting service [Tomcat]
2023-12-27T02:10:20.376+05:30  INFO 2288 --- [restartedMain] o.apache.catalina.core.StandardEngine    : Starting Servlet engine: [Apache Tomcat/10.1.17]
2023-12-27T02:10:20.398+05:30  INFO 2288 --- [restartedMain] o.a.c.c.C.[Tomcat-1].[localhost].[/]     : Initializing Spring embedded WebApplicationContext
2023-12-27T02:10:20.398+05:30  INFO 2288 --- [restartedMain] w.s.c.ServletWebServerApplicationContext : Root WebApplicationContext: initialization completed in 765 ms
2023-12-27T02:10:20.435+05:30  INFO 2288 --- [restartedMain] o.hibernate.jpa.internal.util.LogHelper  : HHH000204: Processing PersistenceUnitInfo [name: default]
2023-12-27T02:10:20.440+05:30  INFO 2288 --- [restartedMain] o.h.c.internal.RegionFactoryInitiator    : HHH000026: Second-level cache disabled
2023-12-27T02:10:20.444+05:30  INFO 2288 --- [restartedMain] o.s.o.j.p.SpringPersistenceUnitInfo      : No LoadTimeWeaver setup: ignoring JPA class transformer
2023-12-27T02:10:20.445+05:30  INFO 2288 --- [restartedMain] com.zaxxer.hikari.HikariDataSource       : HikariPool-9 - Starting...
2023-12-27T02:10:20.468+05:30  INFO 2288 --- [restartedMain] com.zaxxer.hikari.pool.HikariPool        : HikariPool-9 - Added connection com.mysql.cj.jdbc.ConnectionImpl@5d4396bc
2023-12-27T02:10:20.469+05:30  INFO 2288 --- [restartedMain] com.zaxxer.hikari.HikariDataSource       : HikariPool-9 - Start completed.
2023-12-27T02:10:20.502+05:30  INFO 2288 --- [restartedMain] o.h.e.t.j.p.i.JtaPlatformInitiator       : HHH000489: No JTA platform available (set 'hibernate.transaction.jta.platform' to enable JTA platform integration)
2023-12-27T02:10:20.523+05:30  INFO 2288 --- [restartedMain] j.LocalContainerEntityManagerFactoryBean : Initialized JPA EntityManagerFactory for persistence unit 'default'
2023-12-27T02:10:20.653+05:30  WARN 2288 --- [restartedMain] JpaBaseConfiguration$JpaWebConfiguration : spring.jpa.open-in-view is enabled by default. Therefore, database queries may be performed during view rendering. Explicitly configure spring.jpa.open-in-view to disable this warning
2023-12-27T02:10:21.349+05:30  INFO 2288 --- [restartedMain] o.s.b.d.a.OptionalLiveReloadServer       : LiveReload server is running on port 35729
2023-12-27T02:10:21.376+05:30  INFO 2288 --- [restartedMain] o.s.b.w.embedded.tomcat.TomcatWebServer  : Tomcat started on port 8080 (http) with context path ''
2023-12-27T02:10:21.395+05:30  INFO 2288 --- [restartedMain] com.dhanush.CollegeAppApplication        : Started CollegeAppApplication in 1.819 seconds (process running for 1018.108)
2023-12-27T02:10:21.399+05:30  INFO 2288 --- [restartedMain] .ConditionEvaluationDeltaLoggingListener : Condition evaluation unchanged
2023-12-27T02:10:38.192+05:30  INFO 2288 --- [http-nio-8080-exec-2] o.a.c.c.C.[Tomcat-1].[localhost].[/]     : Initializing Spring DispatcherServlet 'dispatcherServlet'
2023-12-27T02:10:38.192+05:30  INFO 2288 --- [http-nio-8080-exec-2] o.s.web.servlet.DispatcherServlet        : Initializing Servlet 'dispatcherServlet'
2023-12-27T02:10:38.194+05:30  INFO 2288 --- [http-nio-8080-exec-2] o.s.web.servlet.DispatcherServlet        : Completed initialization in 2 ms
2023-12-27T02:10:54.419+05:30  INFO 2288 --- [RMI TCP Connection(47)-127.0.0.1] inMXBeanRegistrar$SpringApplicationAdmin : Application shutdown requested.
2023-12-27T02:10:54.510+05:30  INFO 2288 --- [RMI TCP Connection(47)-127.0.0.1] j.LocalContainerEntityManagerFactoryBean : Closing JPA EntityManagerFactory for persistence unit 'default'
2023-12-27T02:10:54.524+05:30  INFO 2288 --- [RMI TCP Connection(47)-127.0.0.1] com.zaxxer.hikari.HikariDataSource       : HikariPool-9 - Shutdown initiated...
2023-12-27T02:10:54.569+05:30  INFO 2288 --- [RMI TCP Connection(47)-127.0.0.1] com.zaxxer.hikari.HikariDataSource       : HikariPool-9 - Shutdown completed.
